This is XeTeX, Version 3.14159265-2.6-0.99999 (TeX Live 2018) (preloaded format=xelatex 2018.6.13)  29 SEP 2020 10:32
entering extended mode
 restricted \write18 enabled.
 %&-line parsing enabled.
**02-problem-set-answers.tex
(./02-problem-set-answers.tex
LaTeX2e <2018-04-01> patch level 5
(/usr/local/texlive/2018/texmf-dist/tex/latex/base/article.cls
Document Class: article 2014/09/29 v1.4h Standard LaTeX document class
(/usr/local/texlive/2018/texmf-dist/tex/latex/base/size11.clo
File: size11.clo 2014/09/29 v1.4h Standard LaTeX file (size option)
)
\c@part=\count80
\c@section=\count81
\c@subsection=\count82
\c@subsubsection=\count83
\c@paragraph=\count84
\c@subparagraph=\count85
\c@figure=\count86
\c@table=\count87
\abovecaptionskip=\skip41
\belowcaptionskip=\skip42
\bibindent=\dimen102
) (/usr/local/texlive/2018/texmf-dist/tex/latex/lm/lmodern.sty
Package: lmodern 2009/10/30 v1.6 Latin Modern Fonts
LaTeX Font Info:    Overwriting symbol font `operators' in version `normal'
(Font)                  OT1/cmr/m/n --> OT1/lmr/m/n on input line 22.
LaTeX Font Info:    Overwriting symbol font `letters' in version `normal'
(Font)                  OML/cmm/m/it --> OML/lmm/m/it on input line 23.
LaTeX Font Info:    Overwriting symbol font `symbols' in version `normal'
(Font)                  OMS/cmsy/m/n --> OMS/lmsy/m/n on input line 24.
LaTeX Font Info:    Overwriting symbol font `largesymbols' in version `normal'
(Font)                  OMX/cmex/m/n --> OMX/lmex/m/n on input line 25.
LaTeX Font Info:    Overwriting symbol font `operators' in version `bold'
(Font)                  OT1/cmr/bx/n --> OT1/lmr/bx/n on input line 26.
LaTeX Font Info:    Overwriting symbol font `letters' in version `bold'
(Font)                  OML/cmm/b/it --> OML/lmm/b/it on input line 27.
LaTeX Font Info:    Overwriting symbol font `symbols' in version `bold'
(Font)                  OMS/cmsy/b/n --> OMS/lmsy/b/n on input line 28.
LaTeX Font Info:    Overwriting symbol font `largesymbols' in version `bold'
(Font)                  OMX/cmex/m/n --> OMX/lmex/m/n on input line 29.
LaTeX Font Info:    Overwriting math alphabet `\mathbf' in version `normal'
(Font)                  OT1/cmr/bx/n --> OT1/lmr/bx/n on input line 31.
LaTeX Font Info:    Overwriting math alphabet `\mathsf' in version `normal'
(Font)                  OT1/cmss/m/n --> OT1/lmss/m/n on input line 32.
LaTeX Font Info:    Overwriting math alphabet `\mathit' in version `normal'
(Font)                  OT1/cmr/m/it --> OT1/lmr/m/it on input line 33.
LaTeX Font Info:    Overwriting math alphabet `\mathtt' in version `normal'
(Font)                  OT1/cmtt/m/n --> OT1/lmtt/m/n on input line 34.
LaTeX Font Info:    Overwriting math alphabet `\mathbf' in version `bold'
(Font)                  OT1/cmr/bx/n --> OT1/lmr/bx/n on input line 35.
LaTeX Font Info:    Overwriting math alphabet `\mathsf' in version `bold'
(Font)                  OT1/cmss/bx/n --> OT1/lmss/bx/n on input line 36.
LaTeX Font Info:    Overwriting math alphabet `\mathit' in version `bold'
(Font)                  OT1/cmr/bx/it --> OT1/lmr/bx/it on input line 37.
LaTeX Font Info:    Overwriting math alphabet `\mathtt' in version `bold'
(Font)                  OT1/cmtt/m/n --> OT1/lmtt/m/n on input line 38.
) (/usr/local/texlive/2018/texmf-dist/tex/latex/amsfonts/amssymb.sty
Package: amssymb 2013/01/14 v3.01 AMS font symbols
(/usr/local/texlive/2018/texmf-dist/tex/latex/amsfonts/amsfonts.sty
Package: amsfonts 2013/01/14 v3.01 Basic AMSFonts support
\@emptytoks=\toks14
\symAMSa=\mathgroup4
\symAMSb=\mathgroup5
LaTeX Font Info:    Overwriting math alphabet `\mathfrak' in version `bold'
(Font)                  U/euf/m/n --> U/euf/b/n on input line 106.
)) (/usr/local/texlive/2018/texmf-dist/tex/latex/amsmath/amsmath.sty
Package: amsmath 2017/09/02 v2.17a AMS math features
\@mathmargin=\skip43
For additional information on amsmath, use the `?' option.
(/usr/local/texlive/2018/texmf-dist/tex/latex/amsmath/amstext.sty
Package: amstext 2000/06/29 v2.01 AMS text
(/usr/local/texlive/2018/texmf-dist/tex/latex/amsmath/amsgen.sty
File: amsgen.sty 1999/11/30 v2.0 generic functions
\@emptytoks=\toks15
\ex@=\dimen103
)) (/usr/local/texlive/2018/texmf-dist/tex/latex/amsmath/amsbsy.sty
Package: amsbsy 1999/11/29 v1.2d Bold Symbols
\pmbraise@=\dimen104
) (/usr/local/texlive/2018/texmf-dist/tex/latex/amsmath/amsopn.sty
Package: amsopn 2016/03/08 v2.02 operator names
)
\inf@bad=\count88
LaTeX Info: Redefining \frac on input line 213.
\uproot@=\count89
\leftroot@=\count90
LaTeX Info: Redefining \overline on input line 375.
\classnum@=\count91
\DOTSCASE@=\count92
LaTeX Info: Redefining \ldots on input line 472.
LaTeX Info: Redefining \dots on input line 475.
LaTeX Info: Redefining \cdots on input line 596.
\Mathstrutbox@=\box26
\strutbox@=\box27
\big@size=\dimen105
LaTeX Font Info:    Redeclaring font encoding OML on input line 712.
LaTeX Font Info:    Redeclaring font encoding OMS on input line 713.
\macc@depth=\count93
\c@MaxMatrixCols=\count94
\dotsspace@=\muskip10
\c@parentequation=\count95
\dspbrk@lvl=\count96
\tag@help=\toks16
\row@=\count97
\column@=\count98
\maxfields@=\count99
\andhelp@=\toks17
\eqnshift@=\dimen106
\alignsep@=\dimen107
\tagshift@=\dimen108
\tagwidth@=\dimen109
\totwidth@=\dimen110
\lineht@=\dimen111
\@envbody=\toks18
\multlinegap=\skip44
\multlinetaggap=\skip45
\mathdisplay@stack=\toks19
LaTeX Info: Redefining \[ on input line 2817.
LaTeX Info: Redefining \] on input line 2818.
) (/usr/local/texlive/2018/texmf-dist/tex/generic/ifxetex/ifxetex.sty
Package: ifxetex 2010/09/12 v0.6 Provides ifxetex conditional
) (/usr/local/texlive/2018/texmf-dist/tex/generic/oberdiek/ifluatex.sty
Package: ifluatex 2016/05/16 v1.4 Provides the ifluatex switch (HO)
Package ifluatex Info: LuaTeX not detected.
) (/usr/local/texlive/2018/texmf-dist/tex/latex/unicode-math/unicode-math.sty (
/usr/local/texlive/2018/texmf-dist/tex/latex/l3kernel/expl3.sty
Package: expl3 2018-06-01 L3 programming layer (loader) 
(/usr/local/texlive/2018/texmf-dist/tex/latex/l3kernel/expl3-code.tex
Package: expl3 2018-06-01 L3 programming layer (code)
\c_max_int=\count100
\l_tmpa_int=\count101
\l_tmpb_int=\count102
\g_tmpa_int=\count103
\g_tmpb_int=\count104
\g__kernel_prg_map_int=\count105
\c_log_iow=\count106
\l_iow_line_count_int=\count107
\l__iow_line_target_int=\count108
\l__iow_one_indent_int=\count109
\l__iow_indent_int=\count110
\c_zero_dim=\dimen112
\c_max_dim=\dimen113
\l_tmpa_dim=\dimen114
\l_tmpb_dim=\dimen115
\g_tmpa_dim=\dimen116
\g_tmpb_dim=\dimen117
\c_zero_skip=\skip46
\c_max_skip=\skip47
\l_tmpa_skip=\skip48
\l_tmpb_skip=\skip49
\g_tmpa_skip=\skip50
\g_tmpb_skip=\skip51
\c_zero_muskip=\muskip11
\c_max_muskip=\muskip12
\l_tmpa_muskip=\muskip13
\l_tmpb_muskip=\muskip14
\g_tmpa_muskip=\muskip15
\g_tmpb_muskip=\muskip16
\l_keys_choice_int=\count111
\l__intarray_loop_int=\count112
\c__intarray_sp_dim=\dimen118
\g__intarray_font_int=\count113
\c__fp_leading_shift_int=\count114
\c__fp_middle_shift_int=\count115
\c__fp_trailing_shift_int=\count116
\c__fp_big_leading_shift_int=\count117
\c__fp_big_middle_shift_int=\count118
\c__fp_big_trailing_shift_int=\count119
\c__fp_Bigg_leading_shift_int=\count120
\c__fp_Bigg_middle_shift_int=\count121
\c__fp_Bigg_trailing_shift_int=\count122
\g__fp_array_int=\count123
\l__fp_array_loop_int=\count124
\l__sort_length_int=\count125
\l__sort_min_int=\count126
\l__sort_top_int=\count127
\l__sort_max_int=\count128
\l__sort_true_max_int=\count129
\l__sort_block_int=\count130
\l__sort_begin_int=\count131
\l__sort_end_int=\count132
\l__sort_A_int=\count133
\l__sort_B_int=\count134
\l__sort_C_int=\count135
\l__tl_analysis_normal_int=\count136
\l__tl_analysis_index_int=\count137
\l__tl_analysis_nesting_int=\count138
\l__tl_analysis_type_int=\count139
\l__regex_internal_a_int=\count140
\l__regex_internal_b_int=\count141
\l__regex_internal_c_int=\count142
\l__regex_balance_int=\count143
\l__regex_group_level_int=\count144
\l__regex_mode_int=\count145
\c__regex_cs_in_class_mode_int=\count146
\c__regex_cs_mode_int=\count147
\l__regex_catcodes_int=\count148
\l__regex_default_catcodes_int=\count149
\c__regex_catcode_L_int=\count150
\c__regex_catcode_O_int=\count151
\c__regex_catcode_A_int=\count152
\c__regex_all_catcodes_int=\count153
\l__regex_show_lines_int=\count154
\l__regex_min_state_int=\count155
\l__regex_max_state_int=\count156
\l__regex_left_state_int=\count157
\l__regex_right_state_int=\count158
\l__regex_capturing_group_int=\count159
\l__regex_min_pos_int=\count160
\l__regex_max_pos_int=\count161
\l__regex_curr_pos_int=\count162
\l__regex_start_pos_int=\count163
\l__regex_success_pos_int=\count164
\l__regex_curr_char_int=\count165
\l__regex_curr_catcode_int=\count166
\l__regex_last_char_int=\count167
\l__regex_case_changed_char_int=\count168
\l__regex_curr_state_int=\count169
\l__regex_step_int=\count170
\l__regex_min_active_int=\count171
\l__regex_max_active_int=\count172
\l__regex_replacement_csnames_int=\count173
\l__regex_match_count_int=\count174
\l__regex_min_submatch_int=\count175
\l__regex_submatch_int=\count176
\l__regex_zeroth_submatch_int=\count177
\g__regex_trace_regex_int=\count178
\c_empty_box=\box28
\l_tmpa_box=\box29
\l_tmpb_box=\box30
\g_tmpa_box=\box31
\g_tmpb_box=\box32
\l__box_top_dim=\dimen119
\l__box_bottom_dim=\dimen120
\l__box_left_dim=\dimen121
\l__box_right_dim=\dimen122
\l__box_top_new_dim=\dimen123
\l__box_bottom_new_dim=\dimen124
\l__box_left_new_dim=\dimen125
\l__box_right_new_dim=\dimen126
\l__box_internal_box=\box33
\l__coffin_internal_box=\box34
\l__coffin_internal_dim=\dimen127
\l__coffin_offset_x_dim=\dimen128
\l__coffin_offset_y_dim=\dimen129
\l__coffin_x_dim=\dimen130
\l__coffin_y_dim=\dimen131
\l__coffin_x_prime_dim=\dimen132
\l__coffin_y_prime_dim=\dimen133
\c_empty_coffin=\box35
\l__coffin_aligned_coffin=\box36
\l__coffin_aligned_internal_coffin=\box37
\l_tmpa_coffin=\box38
\l_tmpb_coffin=\box39
\l__coffin_display_coffin=\box40
\l__coffin_display_coord_coffin=\box41
\l__coffin_display_pole_coffin=\box42
\l__coffin_display_offset_dim=\dimen134
\l__coffin_display_x_dim=\dimen135
\l__coffin_display_y_dim=\dimen136
\g__file_internal_ior=\read1
\l__coffin_bounding_shift_dim=\dimen137
\l__coffin_left_corner_dim=\dimen138
\l__coffin_right_corner_dim=\dimen139
\l__coffin_bottom_corner_dim=\dimen140
\l__coffin_top_corner_dim=\dimen141
\l__coffin_scaled_total_height_dim=\dimen142
\l__coffin_scaled_width_dim=\dimen143
) (/usr/local/texlive/2018/texmf-dist/tex/latex/l3kernel/l3xdvipdfmx.def
File: l3xdvidpfmx.def 2018-06-01 v L3 Experimental driver: xdvipdfmx
\g__driver_image_int=\count179
))
Package: unicode-math 2018/02/02 vv0.8l Unicode maths in XeLaTeX and LuaLaTeX

(/usr/local/texlive/2018/texmf-dist/tex/latex/unicode-math/unicode-math-xetex.s
ty
Package: unicode-math-xetex 2018/02/02 vv0.8l Unicode maths in XeLaTeX and LuaL
aTeX
(/usr/local/texlive/2018/texmf-dist/tex/latex/l3packages/xparse/xparse.sty
Package: xparse 2018-05-12 L3 Experimental document command parser
\l__xparse_current_arg_int=\count180
\g__xparse_grabber_int=\count181
\l__xparse_m_args_int=\count182
\l__xparse_mandatory_args_int=\count183
\l__xparse_v_nesting_int=\count184
) (/usr/local/texlive/2018/texmf-dist/tex/latex/l3packages/l3keys2e/l3keys2e.st
y
Package: l3keys2e 2018-05-12 LaTeX2e option processing using LaTeX3 keys
) (/usr/local/texlive/2018/texmf-dist/tex/latex/fontspec/fontspec.sty
Package: fontspec 2017/11/09 v2.6g Font selection for XeLaTeX and LuaLaTeX
(/usr/local/texlive/2018/texmf-dist/tex/latex/fontspec/fontspec-xetex.sty
Package: fontspec-xetex 2017/11/09 v2.6g Font selection for XeLaTeX and LuaLaTe
X
\l__fontspec_script_int=\count185
\l__fontspec_language_int=\count186
\l__fontspec_strnum_int=\count187
\l__fontspec_tmp_int=\count188
\l__fontspec_em_int=\count189
\l__fontspec_emdef_int=\count190
\l__fontspec_strong_int=\count191
\l__fontspec_strongdef_int=\count192
\l__fontspec_tmpa_dim=\dimen144
\l__fontspec_tmpb_dim=\dimen145
\l__fontspec_tmpc_dim=\dimen146
(/usr/local/texlive/2018/texmf-dist/tex/latex/base/fontenc.sty
Package: fontenc 2017/04/05 v2.0i Standard LaTeX package
(/usr/local/texlive/2018/texmf-dist/tex/latex/base/tuenc.def
File: tuenc.def 2017/04/05 v2.0i Standard LaTeX file
LaTeX Font Info:    Redeclaring font encoding TU on input line 82.
))
.................................................
. LaTeX info: "xparse/define-command"
. 
. Defining command \fontspec with sig. 'O{}mO{}' on line 542.
.................................................
.................................................
. LaTeX info: "xparse/define-command"
. 
. Defining command \setmainfont with sig. 'O{}mO{}' on line 546.
.................................................
.................................................
. LaTeX info: "xparse/define-command"
. 
. Defining command \setsansfont with sig. 'O{}mO{}' on line 550.
.................................................
.................................................
. LaTeX info: "xparse/define-command"
. 
. Defining command \setmonofont with sig. 'O{}mO{}' on line 554.
.................................................
.................................................
. LaTeX info: "xparse/define-command"
. 
. Defining command \setmathrm with sig. 'O{}mO{}' on line 558.
.................................................
.................................................
. LaTeX info: "xparse/define-command"
. 
. Defining command \setboldmathrm with sig. 'O{}mO{}' on line 562.
.................................................
.................................................
. LaTeX info: "xparse/define-command"
. 
. Defining command \setmathsf with sig. 'O{}mO{}' on line 566.
.................................................
.................................................
. LaTeX info: "xparse/define-command"
. 
. Defining command \setmathtt with sig. 'O{}mO{}' on line 570.
.................................................
.................................................
. LaTeX info: "xparse/define-command"
. 
. Defining command \setromanfont with sig. 'O{}mO{}' on line 574.
.................................................
.................................................
. LaTeX info: "xparse/define-command"
. 
. Defining command \newfontfamily with sig. 'mO{}mO{}' on line 578.
.................................................
.................................................
. LaTeX info: "xparse/define-command"
. 
. Defining command \newfontface with sig. 'mO{}mO{}' on line 582.
.................................................
.................................................
. LaTeX info: "xparse/define-command"
. 
. Defining command \defaultfontfeatures with sig. 't+om' on line 586.
.................................................
.................................................
. LaTeX info: "xparse/define-command"
. 
. Defining command \addfontfeatures with sig. 'm' on line 590.
.................................................
.................................................
. LaTeX info: "xparse/define-command"
. 
. Defining command \addfontfeature with sig. 'm' on line 594.
.................................................
.................................................
. LaTeX info: "xparse/define-command"
. 
. Defining command \newfontfeature with sig. 'mm' on line 598.
.................................................
.................................................
. LaTeX info: "xparse/define-command"
. 
. Defining command \newAATfeature with sig. 'mmmm' on line 602.
.................................................
.................................................
. LaTeX info: "xparse/define-command"
. 
. Defining command \newopentypefeature with sig. 'mmm' on line 606.
.................................................
.................................................
. LaTeX info: "xparse/define-command"
. 
. Defining command \newICUfeature with sig. 'mmm' on line 610.
.................................................
.................................................
. LaTeX info: "xparse/define-command"
. 
. Defining command \aliasfontfeature with sig. 'mm' on line 614.
.................................................
.................................................
. LaTeX info: "xparse/define-command"
. 
. Defining command \aliasfontfeatureoption with sig. 'mmm' on line 618.
.................................................
.................................................
. LaTeX info: "xparse/define-command"
. 
. Defining command \newfontscript with sig. 'mm' on line 622.
.................................................
.................................................
. LaTeX info: "xparse/define-command"
. 
. Defining command \newfontlanguage with sig. 'mm' on line 626.
.................................................
.................................................
. LaTeX info: "xparse/define-command"
. 
. Defining command \DeclareFontsExtensions with sig. 'm' on line 630.
.................................................
.................................................
. LaTeX info: "xparse/define-command"
. 
. Defining command \IfFontFeatureActiveTF with sig. 'mmm' on line 634.
.................................................
.................................................
. LaTeX info: "xparse/define-command"
. 
. Defining command \EncodingCommand with sig. 'mO{}m' on line 3632.
.................................................
.................................................
. LaTeX info: "xparse/define-command"
. 
. Defining command \EncodingAccent with sig. 'mm' on line 3638.
.................................................
.................................................
. LaTeX info: "xparse/define-command"
. 
. Defining command \EncodingSymbol with sig. 'mm' on line 3644.
.................................................
.................................................
. LaTeX info: "xparse/define-command"
. 
. Defining command \EncodingComposite with sig. 'mmm' on line 3650.
.................................................
.................................................
. LaTeX info: "xparse/define-command"
. 
. Defining command \EncodingCompositeCommand with sig. 'mmm' on line 3656.
.................................................
.................................................
. LaTeX info: "xparse/define-command"
. 
. Defining command \DeclareUnicodeEncoding with sig. 'mm' on line 3681.
.................................................
.................................................
. LaTeX info: "xparse/define-command"
. 
. Defining command \UndeclareSymbol with sig. 'm' on line 3687.
.................................................
.................................................
. LaTeX info: "xparse/define-command"
. 
. Defining command \UndeclareAccent with sig. 'm' on line 3693.
.................................................
.................................................
. LaTeX info: "xparse/define-command"
. 
. Defining command \UndeclareCommand with sig. 'm' on line 3699.
.................................................
.................................................
. LaTeX info: "xparse/define-command"
. 
. Defining command \UndeclareComposite with sig. 'mm' on line 3706.
.................................................
(/usr/local/texlive/2018/texmf-dist/tex/latex/fontspec/fontspec.cfg)
LaTeX Info: Redefining \itshape on input line 3891.
LaTeX Info: Redefining \slshape on input line 3896.
LaTeX Info: Redefining \scshape on input line 3901.
LaTeX Info: Redefining \upshape on input line 3906.
LaTeX Info: Redefining \em on input line 3936.
LaTeX Info: Redefining \emph on input line 3961.
LaTeX Info: Redefining \- on input line 4015.
.................................................
. LaTeX info: "xparse/redefine-command"
. 
. Redefining command \oldstylenums with sig. 'm' on line 4110.
.................................................
.................................................
. LaTeX info: "xparse/define-command"
. 
. Defining command \liningnums with sig. 'm' on line 4114.
.................................................
)) (/usr/local/texlive/2018/texmf-dist/tex/latex/filehook/filehook.sty
Package: filehook 2011/10/12 v0.5d Hooks for input files
) (/usr/local/texlive/2018/texmf-dist/tex/latex/base/fix-cm.sty
Package: fix-cm 2015/01/14 v1.1t fixes to LaTeX
(/usr/local/texlive/2018/texmf-dist/tex/latex/base/ts1enc.def
File: ts1enc.def 2001/06/05 v3.0e (jk/car/fm) Standard LaTeX file
))
\g__um_fam_int=\count193
\g__um_fonts_used_int=\count194
\l__um_primecount_int=\count195
\g__um_primekern_muskip=\muskip17
.................................................
. LaTeX info: "xparse/define-command"
. 
. Defining command \unimathsetup with sig. 'm' on line 269.
.................................................
.................................................
. LaTeX info: "xparse/define-command"
. 
. Defining command \setmathfont with sig. 'O{}mO{}' on line 273.
.................................................
.................................................
. LaTeX info: "xparse/define-command"
. 
. Defining command \setmathfontface with sig. 'mO{}mO{}' on line 277.
.................................................
.................................................
. LaTeX info: "xparse/define-command"
. 
. Defining command \setoperatorfont with sig. 'm' on line 282.
.................................................
.................................................
. LaTeX info: "xparse/define-command"
. 
. Defining command \addnolimits with sig. 'm' on line 287.
.................................................
.................................................
. LaTeX info: "xparse/define-command"
. 
. Defining command \removenolimits with sig. 'm' on line 291.
.................................................

(/usr/local/texlive/2018/texmf-dist/tex/latex/unicode-math/unicode-math-table.t
ex)
.................................................
. unicode-math info: "patch-macro"
. 
. I'm going to patch macro \subarray.
.................................................
.................................................
. unicode-math info: "patch-macro"
. 
. I'm going to patch macro \r@@t.
.................................................
.................................................
. LaTeX info: "xparse/redefine-command"
. 
. Redefining command \not with sig. 'm' on line 3835.
.................................................
.................................................
. LaTeX info: "xparse/define-command"
. 
. Defining command \NewNegationCommand with sig. 'mm' on line 3839.
.................................................
.................................................
. LaTeX info: "xparse/define-command"
. 
. Defining command \RenewNegationCommand with sig. 'mm' on line 3843.
.................................................
))
.................................................
. fontspec info: "set-scale"
. 
. Fira Sans Condensed scale = 0.8193913126410716.
.................................................
\g__fontspec_family_FiraSansCondensed_int=\count196
.................................................
. fontspec info: "set-scale"
. 
. Fira Sans Condensed scale = 0.8193913126410716.
.................................................
.................................................
. fontspec info: "set-scale"
. 
. Fira Sans Condensed scale = 0.8193913126410716.
.................................................
.................................................
. fontspec info: "set-scale"
. 
. Fira Sans Condensed/B scale = 0.8116759741350353.
.................................................
.................................................
. fontspec info: "set-scale"
. 
. Fira Sans Condensed/B scale = 0.8116759741350353.
.................................................
.................................................
. fontspec info: "set-scale"
. 
. Fira Sans Condensed/I scale = 0.8178378306913284.
.................................................
.................................................
. fontspec info: "set-scale"
. 
. Fira Sans Condensed/I scale = 0.8178378306913284.
.................................................
.................................................
. fontspec info: "set-scale"
. 
. Fira Sans Condensed/BI scale = 0.8116759741350353.
.................................................
.................................................
. fontspec info: "set-scale"
. 
. Fira Sans Condensed/BI scale = 0.8116759741350353.
.................................................
.................................................
. fontspec info: "defining-font"
. 
. Font family 'FiraSansCondensed(0)' created for font 'Fira Sans Condensed'
. with options [Scale=MatchLowercase,Ligatures=TeX,Scale=1].
.  
.  This font family consists of the following NFSS series/shapes:
.  
. - 'normal' (m/n) with NFSS spec.: <->s*[1]"Fira Sans
. Condensed/OT:script=latn;language=DFLT;mapping=tex-text;"
. - 'small caps'  (m/sc) with NFSS spec.: <->s*[1]"Fira Sans
. Condensed/OT:script=latn;language=DFLT;+smcp;mapping=tex-text;"
. - 'bold' (bx/n) with NFSS spec.: <->s*[1]"Fira Sans
. Condensed/B/OT:script=latn;language=DFLT;mapping=tex-text;"
. - 'bold small caps'  (bx/sc) with NFSS spec.: <->s*[1]"Fira Sans
. Condensed/B/OT:script=latn;language=DFLT;+smcp;mapping=tex-text;"
. - 'italic' (m/it) with NFSS spec.: <->s*[1]"Fira Sans
. Condensed/I/OT:script=latn;language=DFLT;mapping=tex-text;"
. - 'italic small caps'  (m/itsc) with NFSS spec.: <->s*[1]"Fira Sans
. Condensed/I/OT:script=latn;language=DFLT;+smcp;mapping=tex-text;"
. - 'bold italic' (bx/it) with NFSS spec.: <->s*[1]"Fira Sans
. Condensed/BI/OT:script=latn;language=DFLT;mapping=tex-text;"
. - 'bold italic small caps'  (bx/itsc) with NFSS spec.: <->s*[1]"Fira Sans
. Condensed/BI/OT:script=latn;language=DFLT;+smcp;mapping=tex-text;"
.................................................
LaTeX Info: Redefining \rmfamily on input line 20.
LaTeX Font Info:    Font shape `TU/FiraSansCondensed(0)/m/n' will be
(Font)              scaled to size 10.95pt on input line 20.
.................................................
. fontspec info: "set-scale"
. 
. Fira Sans Condensed scale = 1.
.................................................
.................................................
. fontspec info: "set-scale"
. 
. Fira Sans Condensed scale = 1.
.................................................
.................................................
. fontspec info: "set-scale"
. 
. Fira Sans Condensed scale = 1.
.................................................
.................................................
. fontspec info: "set-scale"
. 
. Fira Sans Condensed/B scale = 0.9905840611353712.
.................................................
.................................................
. fontspec info: "set-scale"
. 
. Fira Sans Condensed/B scale = 0.9905840611353712.
.................................................
.................................................
. fontspec info: "set-scale"
. 
. Fira Sans Condensed/I scale = 0.9981041024895224.
.................................................
.................................................
. fontspec info: "set-scale"
. 
. Fira Sans Condensed/I scale = 0.9981041024895224.
.................................................
.................................................
. fontspec info: "set-scale"
. 
. Fira Sans Condensed/BI scale = 0.9905840611353712.
.................................................
.................................................
. fontspec info: "set-scale"
. 
. Fira Sans Condensed/BI scale = 0.9905840611353712.
.................................................
.................................................
. fontspec info: "defining-font"
. 
. Font family 'FiraSansCondensed(1)' created for font 'Fira Sans Condensed'
. with options [Scale=MatchLowercase].
.  
.  This font family consists of the following NFSS series/shapes:
.  
. - 'normal' (m/n) with NFSS spec.: <->s*[1]"Fira Sans
. Condensed/OT:script=latn;language=DFLT;"
. - 'small caps'  (m/sc) with NFSS spec.: <->s*[1]"Fira Sans
. Condensed/OT:script=latn;language=DFLT;+smcp;"
. - 'bold' (bx/n) with NFSS spec.: <->s*[0.9905840611353712]"Fira Sans
. Condensed/B/OT:script=latn;language=DFLT;"
. - 'bold small caps'  (bx/sc) with NFSS spec.: <->s*[0.9905840611353712]"Fira
. Sans Condensed/B/OT:script=latn;language=DFLT;+smcp;"
. - 'italic' (m/it) with NFSS spec.: <->s*[0.9981041024895224]"Fira Sans
. Condensed/I/OT:script=latn;language=DFLT;"
. - 'italic small caps'  (m/itsc) with NFSS spec.:
. <->s*[0.9981041024895224]"Fira Sans
. Condensed/I/OT:script=latn;language=DFLT;+smcp;"
. - 'bold italic' (bx/it) with NFSS spec.: <->s*[0.9905840611353712]"Fira Sans
. Condensed/BI/OT:script=latn;language=DFLT;"
. - 'bold italic small caps'  (bx/itsc) with NFSS spec.:
. <->s*[0.9905840611353712]"Fira Sans
. Condensed/BI/OT:script=latn;language=DFLT;+smcp;"
.................................................
LaTeX Font Info:    Overwriting math alphabet `\mathrm' in version `normal'
(Font)                  OT1/lmr/m/n --> TU/FiraSansCondensed(1)/m/n on input li
ne 20.
LaTeX Font Info:    Overwriting math alphabet `\mathit' in version `normal'
(Font)                  OT1/lmr/m/it --> TU/FiraSansCondensed(1)/m/it on input 
line 20.
LaTeX Font Info:    Overwriting math alphabet `\mathbf' in version `normal'
(Font)                  OT1/lmr/bx/n --> TU/FiraSansCondensed(1)/bx/n on input 
line 20.
.................................................
. fontspec info: "set-scale"
. 
. Fira Code scale = 0.9981041024895224.
.................................................
\g__fontspec_family_FiraCode_int=\count197
.................................................
. fontspec info: "no-font-shape"
. 
. Could not resolve font "Fira Code/I" (it probably doesn't exist).
.................................................
.................................................
. fontspec info: "set-scale"
. 
. Fira Code scale = 0.9981041024895224.
.................................................
.................................................
. fontspec info: "set-scale"
. 
. Fira Code/B scale = 0.9905840611353712.
.................................................
.................................................
. fontspec info: "set-scale"
. 
. Fira Code/BI scale = 0.9905840611353712.
.................................................
.................................................
. fontspec info: "defining-font"
. 
. Font family 'FiraCode(0)' created for font 'Fira Code' with options
. [Scale=MatchLowercase,WordSpace={1,0,0},HyphenChar=None,PunctuationSpace=Word
Space].
.  
.  This font family consists of the following NFSS series/shapes:
.  
. - 'normal' (m/n) with NFSS spec.: <->s*[0.9981041024895224]"Fira
. Code/OT:script=latn;language=DFLT;"
. - 'small caps'  (m/sc) with NFSS spec.: 
. and font adjustment code:
. \fontdimen 2\font =1\fontdimen 2\font \fontdimen 3\font =0\fontdimen 3\font
. \fontdimen 4\font =0\fontdimen 4\font \fontdimen 7\font =0\fontdimen 2\font
. \tex_hyphenchar:D \font =-1\scan_stop: 
. - 'bold' (bx/n) with NFSS spec.: <->s*[0.9905840611353712]"Fira
. Code/B/OT:script=latn;language=DFLT;"
. - 'bold small caps'  (bx/sc) with NFSS spec.: 
. and font adjustment code:
. \fontdimen 2\font =1\fontdimen 2\font \fontdimen 3\font =0\fontdimen 3\font
. \fontdimen 4\font =0\fontdimen 4\font \fontdimen 7\font =0\fontdimen 2\font
. \tex_hyphenchar:D \font =-1\scan_stop: 
. - 'bold italic' (bx/it) with NFSS spec.: <->s*[0.9905840611353712]"Fira
. Code/BI/OT:script=latn;language=DFLT;"
. - 'bold italic small caps'  (bx/itsc) with NFSS spec.: 
. and font adjustment code:
. \fontdimen 2\font =1\fontdimen 2\font \fontdimen 3\font =0\fontdimen 3\font
. \fontdimen 4\font =0\fontdimen 4\font \fontdimen 7\font =0\fontdimen 2\font
. \tex_hyphenchar:D \font =-1\scan_stop: 
.................................................
LaTeX Info: Redefining \ttfamily on input line 21.
.................................................
. fontspec info: "set-scale"
. 
. Fira Code scale = 0.9981041024895224.
.................................................
.................................................
. fontspec info: "no-font-shape"
. 
. Could not resolve font "Fira Code/I" (it probably doesn't exist).
.................................................
.................................................
. fontspec info: "set-scale"
. 
. Fira Code scale = 0.9981041024895224.
.................................................
.................................................
. fontspec info: "set-scale"
. 
. Fira Code/B scale = 0.9905840611353712.
.................................................
.................................................
. fontspec info: "set-scale"
. 
. Fira Code/BI scale = 0.9905840611353712.
.................................................
.................................................
. fontspec info: "defining-font"
. 
. Font family 'FiraCode(1)' created for font 'Fira Code' with options
. [Scale=MatchLowercase].
.  
.  This font family consists of the following NFSS series/shapes:
.  
. - 'normal' (m/n) with NFSS spec.: <->s*[0.9981041024895224]"Fira
. Code/OT:script=latn;language=DFLT;"
. - 'small caps'  (m/sc) with NFSS spec.: 
. - 'bold' (bx/n) with NFSS spec.: <->s*[0.9905840611353712]"Fira
. Code/B/OT:script=latn;language=DFLT;"
. - 'bold small caps'  (bx/sc) with NFSS spec.: 
. - 'bold italic' (bx/it) with NFSS spec.: <->s*[0.9905840611353712]"Fira
. Code/BI/OT:script=latn;language=DFLT;"
. - 'bold italic small caps'  (bx/itsc) with NFSS spec.: 
.................................................
LaTeX Font Info:    Overwriting math alphabet `\mathtt' in version `normal'
(Font)                  OT1/lmtt/m/n --> TU/FiraCode(1)/m/n on input line 21.
LaTeX Font Info:    Overwriting math alphabet `\mathtt' in version `bold'
(Font)                  OT1/lmtt/m/n --> TU/FiraCode(1)/bx/n on input line 21.
*************************************************
* fontspec warning: "script-not-exist-latn"
* 
* Font 'Fira Sans' does not contain script 'Math'.
*  'Latin' script used instead.
*************************************************
.................................................
. fontspec info: "set-scale"
. 
. Fira Sans scale = 0.9981041024895224.
.................................................
\g__fontspec_family_FiraSans_int=\count198
.................................................
. fontspec info: "set-scale"
. 
. Fira Sans scale = 0.9981041024895224.
.................................................
.................................................
. fontspec info: "set-scale"
. 
. Fira Sans scale = 0.9981041024895224.
.................................................
.................................................
. fontspec info: "set-scale"
. 
. Fira Sans/B scale = 0.9868676648600881.
.................................................
.................................................
. fontspec info: "set-scale"
. 
. Fira Sans/B scale = 0.9868676648600881.
.................................................
.................................................
. fontspec info: "defining-font"
. 
. Font family 'FiraSans(0)' created for font 'Fira Sans' with options
. [Scale=MatchLowercase,BoldItalicFont={},ItalicFont={},Script=Math].
.  
.  This font family consists of the following NFSS series/shapes:
.  
. - 'normal' (m/n) with NFSS spec.: <->s*[0.9981041024895224]"Fira
. Sans/OT:script=latn;language=DFLT;"
. - 'small caps'  (m/sc) with NFSS spec.: <->s*[0.9981041024895224]"Fira
. Sans/OT:script=latn;language=DFLT;+smcp;"
. - 'bold' (bx/n) with NFSS spec.: <->s*[0.9868676648600881]"Fira
. Sans/B/OT:script=latn;language=DFLT;"
. - 'bold small caps'  (bx/sc) with NFSS spec.: <->s*[0.9868676648600881]"Fira
. Sans/B/OT:script=latn;language=DFLT;+smcp;"
.................................................
LaTeX Font Info:    Font shape `TU/FiraSans(0)/m/n' will be
(Font)              scaled to size 10.92928pt on input line 22.
*************************************************
* fontspec warning: "script-not-exist-latn"
* 
* Font 'Fira Sans' does not contain script 'Math'.
*  'Latin' script used instead.
*************************************************
.................................................
. fontspec info: "set-scale"
. 
. Fira Sans scale = 0.9981041024895224.
.................................................
.................................................
. fontspec info: "set-scale"
. 
. Fira Sans scale = 0.9981041024895224.
.................................................
.................................................
. fontspec info: "set-scale"
. 
. Fira Sans scale = 0.9981041024895224.
.................................................
.................................................
. fontspec info: "set-scale"
. 
. Fira Sans scale = 0.9981041024895224.
.................................................
*************************************************
* fontspec warning: "icu-feature-not-exist-in-font"
* 
* OpenType feature 'Style=MathScript' (ssty) not available for font 'Fira
* Sans' with script 'Math' and language 'Default'.
*************************************************
.................................................
. fontspec info: "set-scale"
. 
. Fira Sans scale = 0.9981041024895224.
.................................................
*************************************************
* fontspec warning: "icu-feature-not-exist-in-font"
* 
* OpenType feature 'Style=MathScript' (ssty) not available for font 'Fira
* Sans' with script 'Math' and language 'Default'.
*************************************************
.................................................
. fontspec info: "set-scale"
. 
. Fira Sans scale = 0.9981041024895224.
.................................................
*************************************************
* fontspec warning: "icu-feature-not-exist-in-font"
* 
* OpenType feature 'Style=MathScriptScript' (ssty) not available for font
* 'Fira Sans' with script 'Math' and language 'Default'.
*************************************************
.................................................
. fontspec info: "set-scale"
. 
. Fira Sans scale = 0.9981041024895224.
.................................................
*************************************************
* fontspec warning: "icu-feature-not-exist-in-font"
* 
* OpenType feature 'Style=MathScriptScript' (ssty) not available for font
* 'Fira Sans' with script 'Math' and language 'Default'.
*************************************************
.................................................
. fontspec info: "set-scale"
. 
. Fira Sans/B scale = 0.9868676648600881.
.................................................
.................................................
. fontspec info: "set-scale"
. 
. Fira Sans/B scale = 0.9868676648600881.
.................................................
.................................................
. fontspec info: "defining-font"
. 
. Font family 'FiraSans(1)' created for font 'Fira Sans' with options
. [Scale=MatchLowercase,BoldItalicFont={},ItalicFont={},Script=Math,SizeFeature
s={{Size=9.475-},{Size=7-9.475,Font=Fira
. Sans,Style=MathScript},{Size=-7,Font=Fira Sans,Style=MathScriptScript}}].
.  
.  This font family consists of the following NFSS series/shapes:
.  
. - 'normal' (m/n) with NFSS spec.: <9.475->s*[0.9981041024895224]"Fira
. Sans/OT:script=latn;language=DFLT;"<7-9.475>s*[0.9981041024895224]"Fira
. Sans/OT:script=latn;language=DFLT;"<-7>s*[0.9981041024895224]"Fira
. Sans/OT:script=latn;language=DFLT;"
. - 'small caps'  (m/sc) with NFSS spec.: <9.475->s*[0.9981041024895224]"Fira
. Sans/OT:script=latn;language=DFLT;+smcp;"<7-9.475>s*[0.9981041024895224]"Fira

. Sans/OT:script=latn;language=DFLT;+smcp;"<-7>s*[0.9981041024895224]"Fira
. Sans/OT:script=latn;language=DFLT;+smcp;"
. - 'bold' (bx/n) with NFSS spec.: <->s*[0.9868676648600881]"Fira
. Sans/B/OT:script=latn;language=DFLT;"
. - 'bold small caps'  (bx/sc) with NFSS spec.: <->s*[0.9868676648600881]"Fira
. Sans/B/OT:script=latn;language=DFLT;+smcp;"
.................................................
LaTeX Font Info:    Font shape `TU/FiraSans(1)/m/n' will be
(Font)              scaled to size 10.92928pt on input line 22.
LaTeX Font Info:    Encoding `OT1' has changed to `TU' for symbol font
(Font)              `operators' in the math version `normal' on input line 22.
LaTeX Font Info:    Overwriting symbol font `operators' in version `normal'
(Font)                  OT1/lmr/m/n --> TU/FiraSans(1)/m/n on input line 22.
LaTeX Font Info:    Encoding `OT1' has changed to `TU' for symbol font
(Font)              `operators' in the math version `bold' on input line 22.
LaTeX Font Info:    Overwriting symbol font `operators' in version `bold'
(Font)                  OT1/lmr/bx/n --> TU/FiraSans(1)/bx/n on input line 22.
(/usr/local/texlive/2018/texmf-dist/tex/latex/upquote/upquote.sty
Package: upquote 2012/04/19 v1.3 upright-quote and grave-accent glyphs in verba
tim
(/usr/local/texlive/2018/texmf-dist/tex/latex/base/textcomp.sty
Package: textcomp 2017/04/05 v2.0i Standard LaTeX package
Package textcomp Info: Sub-encoding information:
(textcomp)               5 = only ISO-Adobe without \textcurrency
(textcomp)               4 = 5 + \texteuro
(textcomp)               3 = 4 + \textohm
(textcomp)               2 = 3 + \textestimated + \textcurrency
(textcomp)               1 = TS1 - \textcircled - \t
(textcomp)               0 = TS1 (full)
(textcomp)             Font families with sub-encoding setting implement
(textcomp)             only a restricted character set as indicated.
(textcomp)             Family '?' is the default used for unknown fonts.
(textcomp)             See the documentation for details.
Package textcomp Info: Setting ? sub-encoding to TS1/1 on input line 79.
(/usr/local/texlive/2018/texmf-dist/tex/latex/base/ts1enc.def
File: ts1enc.def 2001/06/05 v3.0e (jk/car/fm) Standard LaTeX file
LaTeX Font Info:    Redeclaring font encoding TS1 on input line 47.
)
LaTeX Info: Redefining \oldstylenums on input line 334.
Package textcomp Info: Setting cmr sub-encoding to TS1/0 on input line 349.
Package textcomp Info: Setting cmss sub-encoding to TS1/0 on input line 350.
Package textcomp Info: Setting cmtt sub-encoding to TS1/0 on input line 351.
Package textcomp Info: Setting cmvtt sub-encoding to TS1/0 on input line 352.
Package textcomp Info: Setting cmbr sub-encoding to TS1/0 on input line 353.
Package textcomp Info: Setting cmtl sub-encoding to TS1/0 on input line 354.
Package textcomp Info: Setting ccr sub-encoding to TS1/0 on input line 355.
Package textcomp Info: Setting ptm sub-encoding to TS1/4 on input line 356.
Package textcomp Info: Setting pcr sub-encoding to TS1/4 on input line 357.
Package textcomp Info: Setting phv sub-encoding to TS1/4 on input line 358.
Package textcomp Info: Setting ppl sub-encoding to TS1/3 on input line 359.
Package textcomp Info: Setting pag sub-encoding to TS1/4 on input line 360.
Package textcomp Info: Setting pbk sub-encoding to TS1/4 on input line 361.
Package textcomp Info: Setting pnc sub-encoding to TS1/4 on input line 362.
Package textcomp Info: Setting pzc sub-encoding to TS1/4 on input line 363.
Package textcomp Info: Setting bch sub-encoding to TS1/4 on input line 364.
Package textcomp Info: Setting put sub-encoding to TS1/5 on input line 365.
Package textcomp Info: Setting uag sub-encoding to TS1/5 on input line 366.
Package textcomp Info: Setting ugq sub-encoding to TS1/5 on input line 367.
Package textcomp Info: Setting ul8 sub-encoding to TS1/4 on input line 368.
Package textcomp Info: Setting ul9 sub-encoding to TS1/4 on input line 369.
Package textcomp Info: Setting augie sub-encoding to TS1/5 on input line 370.
Package textcomp Info: Setting dayrom sub-encoding to TS1/3 on input line 371.
Package textcomp Info: Setting dayroms sub-encoding to TS1/3 on input line 372.

Package textcomp Info: Setting pxr sub-encoding to TS1/0 on input line 373.
Package textcomp Info: Setting pxss sub-encoding to TS1/0 on input line 374.
Package textcomp Info: Setting pxtt sub-encoding to TS1/0 on input line 375.
Package textcomp Info: Setting txr sub-encoding to TS1/0 on input line 376.
Package textcomp Info: Setting txss sub-encoding to TS1/0 on input line 377.
Package textcomp Info: Setting txtt sub-encoding to TS1/0 on input line 378.
Package textcomp Info: Setting lmr sub-encoding to TS1/0 on input line 379.
Package textcomp Info: Setting lmdh sub-encoding to TS1/0 on input line 380.
Package textcomp Info: Setting lmss sub-encoding to TS1/0 on input line 381.
Package textcomp Info: Setting lmssq sub-encoding to TS1/0 on input line 382.
Package textcomp Info: Setting lmvtt sub-encoding to TS1/0 on input line 383.
Package textcomp Info: Setting lmtt sub-encoding to TS1/0 on input line 384.
Package textcomp Info: Setting qhv sub-encoding to TS1/0 on input line 385.
Package textcomp Info: Setting qag sub-encoding to TS1/0 on input line 386.
Package textcomp Info: Setting qbk sub-encoding to TS1/0 on input line 387.
Package textcomp Info: Setting qcr sub-encoding to TS1/0 on input line 388.
Package textcomp Info: Setting qcs sub-encoding to TS1/0 on input line 389.
Package textcomp Info: Setting qpl sub-encoding to TS1/0 on input line 390.
Package textcomp Info: Setting qtm sub-encoding to TS1/0 on input line 391.
Package textcomp Info: Setting qzc sub-encoding to TS1/0 on input line 392.
Package textcomp Info: Setting qhvc sub-encoding to TS1/0 on input line 393.
Package textcomp Info: Setting futs sub-encoding to TS1/4 on input line 394.
Package textcomp Info: Setting futx sub-encoding to TS1/4 on input line 395.
Package textcomp Info: Setting futj sub-encoding to TS1/4 on input line 396.
Package textcomp Info: Setting hlh sub-encoding to TS1/3 on input line 397.
Package textcomp Info: Setting hls sub-encoding to TS1/3 on input line 398.
Package textcomp Info: Setting hlst sub-encoding to TS1/3 on input line 399.
Package textcomp Info: Setting hlct sub-encoding to TS1/5 on input line 400.
Package textcomp Info: Setting hlx sub-encoding to TS1/5 on input line 401.
Package textcomp Info: Setting hlce sub-encoding to TS1/5 on input line 402.
Package textcomp Info: Setting hlcn sub-encoding to TS1/5 on input line 403.
Package textcomp Info: Setting hlcw sub-encoding to TS1/5 on input line 404.
Package textcomp Info: Setting hlcf sub-encoding to TS1/5 on input line 405.
Package textcomp Info: Setting pplx sub-encoding to TS1/3 on input line 406.
Package textcomp Info: Setting pplj sub-encoding to TS1/3 on input line 407.
Package textcomp Info: Setting ptmx sub-encoding to TS1/4 on input line 408.
Package textcomp Info: Setting ptmj sub-encoding to TS1/4 on input line 409.
)) (/usr/local/texlive/2018/texmf-dist/tex/latex/microtype/microtype.sty
Package: microtype 2018/01/14 v2.7a Micro-typographical refinements (RS)
(/usr/local/texlive/2018/texmf-dist/tex/latex/graphics/keyval.sty
Package: keyval 2014/10/28 v1.15 key=value parser (DPC)
\KV@toks@=\toks20
)
\MT@toks=\toks21
\MT@count=\count199
LaTeX Info: Redefining \textls on input line 793.
\MT@outer@kern=\dimen147
LaTeX Info: Redefining \textmicrotypecontext on input line 1339.
\MT@listname@count=\count266
(/usr/local/texlive/2018/texmf-dist/tex/latex/microtype/microtype-xetex.def
File: microtype-xetex.def 2018/01/14 v2.7a Definitions specific to xetex (RS)
LaTeX Info: Redefining \lsstyle on input line 256.
)
Package microtype Info: Loading configuration file microtype.cfg.
(/usr/local/texlive/2018/texmf-dist/tex/latex/microtype/microtype.cfg
File: microtype.cfg 2018/01/14 v2.7a microtype main configuration file (RS)
)) (/usr/local/texlive/2018/texmf-dist/tex/latex/parskip/parskip.sty
Package: parskip 2001/04/09 non-zero parskip adjustments
) (/usr/local/texlive/2018/texmf-dist/tex/latex/xcolor/xcolor.sty
Package: xcolor 2016/05/11 v2.12 LaTeX color extensions (UK)
(/usr/local/texlive/2018/texmf-dist/tex/latex/graphics-cfg/color.cfg
File: color.cfg 2016/01/02 v1.6 sample color configuration
)
Package xcolor Info: Driver file: xetex.def on input line 225.
(/usr/local/texlive/2018/texmf-dist/tex/latex/graphics-def/xetex.def
File: xetex.def 2017/06/24 v5.0h Graphics/color driver for xetex
)
Package xcolor Info: Model `cmy' substituted by `cmy0' on input line 1348.
Package xcolor Info: Model `RGB' extended on input line 1364.
Package xcolor Info: Model `HTML' substituted by `rgb' on input line 1366.
Package xcolor Info: Model `Hsb' substituted by `hsb' on input line 1367.
Package xcolor Info: Model `tHsb' substituted by `hsb' on input line 1368.
Package xcolor Info: Model `HSB' substituted by `hsb' on input line 1369.
Package xcolor Info: Model `Gray' substituted by `gray' on input line 1370.
Package xcolor Info: Model `wave' substituted by `hsb' on input line 1371.
) (/usr/local/texlive/2018/texmf-dist/tex/latex/xurl/xurl.sty
Package: xurl 2018/06/02 v 0.04 modify URL breaks
(/usr/local/texlive/2018/texmf-dist/tex/latex/url/url.sty
\Urlmuskip=\muskip18
Package: url 2013/09/16  ver 3.4  Verb mode for urls, etc.
)) (/usr/local/texlive/2018/texmf-dist/tex/latex/oberdiek/bookmark.sty
Package: bookmark 2016/05/17 v1.26 PDF bookmarks (HO)
(/usr/local/texlive/2018/texmf-dist/tex/generic/oberdiek/pdfescape.sty
Package: pdfescape 2016/05/16 v1.14 Implements pdfTeX's escape features (HO)
(/usr/local/texlive/2018/texmf-dist/tex/generic/oberdiek/ltxcmds.sty
Package: ltxcmds 2016/05/16 v1.23 LaTeX kernel commands for general use (HO)
) (/usr/local/texlive/2018/texmf-dist/tex/generic/oberdiek/pdftexcmds.sty
Package: pdftexcmds 2018/01/30 v0.27 Utility functions of pdfTeX for LuaTeX (HO
)
(/usr/local/texlive/2018/texmf-dist/tex/generic/oberdiek/infwarerr.sty
Package: infwarerr 2016/05/16 v1.4 Providing info/warning/error messages (HO)
) (/usr/local/texlive/2018/texmf-dist/tex/generic/oberdiek/ifpdf.sty
Package: ifpdf 2017/03/15 v3.2 Provides the ifpdf switch
)
Package pdftexcmds Info: LuaTeX not detected.
Package pdftexcmds Info: pdfTeX >= 1.30 not detected.
Package pdftexcmds Info: \pdf@primitive is available.
Package pdftexcmds Info: \pdf@ifprimitive is available.
Package pdftexcmds Info: \pdfdraftmode not found.
)) (/usr/local/texlive/2018/texmf-dist/tex/generic/oberdiek/ifvtex.sty
Package: ifvtex 2016/05/16 v1.6 Detect VTeX and its facilities (HO)
Package ifvtex Info: VTeX not detected.
) (/usr/local/texlive/2018/texmf-dist/tex/latex/hyperref/hyperref.sty
Package: hyperref 2018/02/06 v6.86b Hypertext links for LaTeX
(/usr/local/texlive/2018/texmf-dist/tex/generic/oberdiek/hobsub-hyperref.sty
Package: hobsub-hyperref 2016/05/16 v1.14 Bundle oberdiek, subset hyperref (HO)

(/usr/local/texlive/2018/texmf-dist/tex/generic/oberdiek/hobsub-generic.sty
Package: hobsub-generic 2016/05/16 v1.14 Bundle oberdiek, subset generic (HO)
Package: hobsub 2016/05/16 v1.14 Construct package bundles (HO)
Package hobsub Info: Skipping package `infwarerr' (already loaded).
Package hobsub Info: Skipping package `ltxcmds' (already loaded).
Package hobsub Info: Skipping package `ifluatex' (already loaded).
Package hobsub Info: Skipping package `ifvtex' (already loaded).
Package: intcalc 2016/05/16 v1.2 Expandable calculations with integers (HO)
Package hobsub Info: Skipping package `ifpdf' (already loaded).
Package: etexcmds 2016/05/16 v1.6 Avoid name clashes with e-TeX commands (HO)
Package etexcmds Info: Could not find \expanded.
(etexcmds)             That can mean that you are not using pdfTeX 1.50 or
(etexcmds)             that some package has redefined \expanded.
(etexcmds)             In the latter case, load this package earlier.
Package: kvsetkeys 2016/05/16 v1.17 Key value parser (HO)
Package: kvdefinekeys 2016/05/16 v1.4 Define keys (HO)
Package hobsub Info: Skipping package `pdftexcmds' (already loaded).
Package hobsub Info: Skipping package `pdfescape' (already loaded).
Package: bigintcalc 2016/05/16 v1.4 Expandable calculations on big integers (HO
)
Package: bitset 2016/05/16 v1.2 Handle bit-vector datatype (HO)
Package: uniquecounter 2016/05/16 v1.3 Provide unlimited unique counter (HO)
)
Package hobsub Info: Skipping package `hobsub' (already loaded).
Package: letltxmacro 2016/05/16 v1.5 Let assignment for LaTeX macros (HO)
Package: hopatch 2016/05/16 v1.3 Wrapper for package hooks (HO)
Package: xcolor-patch 2016/05/16 xcolor patch
Package: atveryend 2016/05/16 v1.9 Hooks at the very end of document (HO)
Package atveryend Info: \enddocument detected (standard20110627).
Package: atbegshi 2016/06/09 v1.18 At begin shipout hook (HO)
Package: refcount 2016/05/16 v3.5 Data extraction from label references (HO)
Package: hycolor 2016/05/16 v1.8 Color options for hyperref/bookmark (HO)
) (/usr/local/texlive/2018/texmf-dist/tex/latex/oberdiek/auxhook.sty
Package: auxhook 2016/05/16 v1.4 Hooks for auxiliary files (HO)
) (/usr/local/texlive/2018/texmf-dist/tex/latex/oberdiek/kvoptions.sty
Package: kvoptions 2016/05/16 v3.12 Key value format for package options (HO)
)
\@linkdim=\dimen148
\Hy@linkcounter=\count267
\Hy@pagecounter=\count268
(/usr/local/texlive/2018/texmf-dist/tex/latex/hyperref/pd1enc.def
File: pd1enc.def 2018/02/06 v6.86b Hyperref: PDFDocEncoding definition (HO)
)
\Hy@SavedSpaceFactor=\count269
(/usr/local/texlive/2018/texmf-dist/tex/latex/latexconfig/hyperref.cfg
File: hyperref.cfg 2002/06/06 v1.2 hyperref configuration of TeXLive
)
Package hyperref Info: Option `unicode' set `true' on input line 4383.
(/usr/local/texlive/2018/texmf-dist/tex/latex/hyperref/puenc.def
File: puenc.def 2018/02/06 v6.86b Hyperref: PDF Unicode definition (HO)
)
Package hyperref Info: Hyper figures OFF on input line 4509.
Package hyperref Info: Link nesting OFF on input line 4514.
Package hyperref Info: Hyper index ON on input line 4517.
Package hyperref Info: Plain pages OFF on input line 4524.
Package hyperref Info: Backreferencing OFF on input line 4529.
Package hyperref Info: Implicit mode ON; LaTeX internals redefined.
Package hyperref Info: Bookmarks ON on input line 4762.
\c@Hy@tempcnt=\count270
LaTeX Info: Redefining \url on input line 5115.
\XeTeXLinkMargin=\dimen149
\Fld@menulength=\count271
\Field@Width=\dimen150
\Fld@charsize=\dimen151
Package hyperref Info: Hyper figures OFF on input line 6369.
Package hyperref Info: Link nesting OFF on input line 6374.
Package hyperref Info: Hyper index ON on input line 6377.
Package hyperref Info: backreferencing OFF on input line 6384.
Package hyperref Info: Link coloring OFF on input line 6389.
Package hyperref Info: Link coloring with OCG OFF on input line 6394.
Package hyperref Info: PDF/A mode OFF on input line 6399.
LaTeX Info: Redefining \ref on input line 6439.
LaTeX Info: Redefining \pageref on input line 6443.
\Hy@abspage=\count272
\c@Item=\count273
\c@Hfootnote=\count274
)
Package hyperref Info: Driver (autodetected): hxetex.
(/usr/local/texlive/2018/texmf-dist/tex/latex/hyperref/hxetex.def
File: hxetex.def 2018/02/06 v6.86b Hyperref driver for XeTeX
(/usr/local/texlive/2018/texmf-dist/tex/generic/oberdiek/stringenc.sty
Package: stringenc 2016/05/16 v1.11 Convert strings between diff. encodings (HO
)
)
\pdfm@box=\box43
\c@Hy@AnnotLevel=\count275
\HyField@AnnotCount=\count276
\Fld@listcount=\count277
\c@bookmark@seq@number=\count278
(/usr/local/texlive/2018/texmf-dist/tex/latex/oberdiek/rerunfilecheck.sty
Package: rerunfilecheck 2016/05/16 v1.8 Rerun checks for auxiliary files (HO)
Package uniquecounter Info: New unique counter `rerunfilecheck' on input line 2
82.
)
\Hy@SectionHShift=\skip52
) (/usr/local/texlive/2018/texmf-dist/tex/latex/oberdiek/bkm-dvipdfm.def
File: bkm-dvipdfm.def 2016/05/17 v1.26 bookmark driver for dvipdfm (HO)
\BKM@id=\count279
)) (/usr/local/texlive/2018/texmf-dist/tex/latex/geometry/geometry.sty
Package: geometry 2018/04/16 v5.8 Page Geometry
\Gm@cnth=\count280
\Gm@cntv=\count281
\c@Gm@tempcnt=\count282
\Gm@bindingoffset=\dimen152
\Gm@wd@mp=\dimen153
\Gm@odd@mp=\dimen154
\Gm@even@mp=\dimen155
\Gm@layoutwidth=\dimen156
\Gm@layoutheight=\dimen157
\Gm@layouthoffset=\dimen158
\Gm@layoutvoffset=\dimen159
\Gm@dimlist=\toks22
) (/usr/local/texlive/2018/texmf-dist/tex/latex/graphics/graphicx.sty
Package: graphicx 2017/06/01 v1.1a Enhanced LaTeX Graphics (DPC,SPQR)
(/usr/local/texlive/2018/texmf-dist/tex/latex/graphics/graphics.sty
Package: graphics 2017/06/25 v1.2c Standard LaTeX Graphics (DPC,SPQR)
(/usr/local/texlive/2018/texmf-dist/tex/latex/graphics/trig.sty
Package: trig 2016/01/03 v1.10 sin cos tan (DPC)
) (/usr/local/texlive/2018/texmf-dist/tex/latex/graphics-cfg/graphics.cfg
File: graphics.cfg 2016/06/04 v1.11 sample graphics configuration
)
Package graphics Info: Driver file: xetex.def on input line 99.
)
\Gin@req@height=\dimen160
\Gin@req@width=\dimen161
) (/usr/local/texlive/2018/texmf-dist/tex/latex/oberdiek/grffile.sty
Package: grffile 2017/06/30 v1.18 Extended file name support for graphics (HO)
Package grffile Info: Option `multidot' is set to `true'.
Package grffile Info: Option `extendedchars' is set to `false'.
Package grffile Info: Option `space' is set to `true'.
Package grffile Info: \Gin@ii of package `graphicx' fixed on input line 494.
) (/usr/local/texlive/2018/texmf-dist/tex/latex/pgf/frontendlayer/tikz.sty (/us
r/local/texlive/2018/texmf-dist/tex/latex/pgf/basiclayer/pgf.sty (/usr/local/te
xlive/2018/texmf-dist/tex/latex/pgf/utilities/pgfrcs.sty
(/usr/local/texlive/2018/texmf-dist/tex/generic/pgf/utilities/pgfutil-common.te
x
\pgfutil@everybye=\toks23
\pgfutil@tempdima=\dimen162
\pgfutil@tempdimb=\dimen163

(/usr/local/texlive/2018/texmf-dist/tex/generic/pgf/utilities/pgfutil-common-li
sts.tex))
(/usr/local/texlive/2018/texmf-dist/tex/generic/pgf/utilities/pgfutil-latex.def
\pgfutil@abb=\box44
(/usr/local/texlive/2018/texmf-dist/tex/latex/ms/everyshi.sty
Package: everyshi 2001/05/15 v3.00 EveryShipout Package (MS)
)) (/usr/local/texlive/2018/texmf-dist/tex/generic/pgf/utilities/pgfrcs.code.te
x
Package: pgfrcs 2015/08/07 v3.0.1a (rcs-revision 1.31)
))
Package: pgf 2015/08/07 v3.0.1a (rcs-revision 1.15)
(/usr/local/texlive/2018/texmf-dist/tex/latex/pgf/basiclayer/pgfcore.sty (/usr/
local/texlive/2018/texmf-dist/tex/latex/pgf/systemlayer/pgfsys.sty
(/usr/local/texlive/2018/texmf-dist/tex/generic/pgf/systemlayer/pgfsys.code.tex
Package: pgfsys 2014/07/09 v3.0.1a (rcs-revision 1.48)
(/usr/local/texlive/2018/texmf-dist/tex/generic/pgf/utilities/pgfkeys.code.tex
\pgfkeys@pathtoks=\toks24
\pgfkeys@temptoks=\toks25

(/usr/local/texlive/2018/texmf-dist/tex/generic/pgf/utilities/pgfkeysfiltered.c
ode.tex
\pgfkeys@tmptoks=\toks26
))
\pgf@x=\dimen164
\pgf@y=\dimen165
\pgf@xa=\dimen166
\pgf@ya=\dimen167
\pgf@xb=\dimen168
\pgf@yb=\dimen169
\pgf@xc=\dimen170
\pgf@yc=\dimen171
\w@pgf@writea=\write3
\r@pgf@reada=\read2
\c@pgf@counta=\count283
\c@pgf@countb=\count284
\c@pgf@countc=\count285
\c@pgf@countd=\count286
\t@pgf@toka=\toks27
\t@pgf@tokb=\toks28
\t@pgf@tokc=\toks29
(/usr/local/texlive/2018/texmf-dist/tex/generic/pgf/systemlayer/pgf.cfg
File: pgf.cfg 2008/05/14  (rcs-revision 1.7)
)
Driver file for pgf: pgfsys-xetex.def

(/usr/local/texlive/2018/texmf-dist/tex/generic/pgf/systemlayer/pgfsys-xetex.de
f
File: pgfsys-xetex.def 2014/07/09  (rcs-revision 1.11)

(/usr/local/texlive/2018/texmf-dist/tex/generic/pgf/systemlayer/pgfsys-dvipdfmx
.def
File: pgfsys-dvipdfmx.def 2014/07/09  (rcs-revision 1.14)

(/usr/local/texlive/2018/texmf-dist/tex/generic/pgf/systemlayer/pgfsys-common-p
df.def
File: pgfsys-common-pdf.def 2013/10/10  (rcs-revision 1.13)
)
\pgfsys@objnum=\count287
)))
(/usr/local/texlive/2018/texmf-dist/tex/generic/pgf/systemlayer/pgfsyssoftpath.
code.tex
File: pgfsyssoftpath.code.tex 2013/09/09  (rcs-revision 1.9)
\pgfsyssoftpath@smallbuffer@items=\count288
\pgfsyssoftpath@bigbuffer@items=\count289
)
(/usr/local/texlive/2018/texmf-dist/tex/generic/pgf/systemlayer/pgfsysprotocol.
code.tex
File: pgfsysprotocol.code.tex 2006/10/16  (rcs-revision 1.4)
))
(/usr/local/texlive/2018/texmf-dist/tex/generic/pgf/basiclayer/pgfcore.code.tex
Package: pgfcore 2010/04/11 v3.0.1a (rcs-revision 1.7)
(/usr/local/texlive/2018/texmf-dist/tex/generic/pgf/math/pgfmath.code.tex (/usr
/local/texlive/2018/texmf-dist/tex/generic/pgf/math/pgfmathcalc.code.tex (/usr/
local/texlive/2018/texmf-dist/tex/generic/pgf/math/pgfmathutil.code.tex)
(/usr/local/texlive/2018/texmf-dist/tex/generic/pgf/math/pgfmathparser.code.tex
\pgfmath@dimen=\dimen172
\pgfmath@count=\count290
\pgfmath@box=\box45
\pgfmath@toks=\toks30
\pgfmath@stack@operand=\toks31
\pgfmath@stack@operation=\toks32
)
(/usr/local/texlive/2018/texmf-dist/tex/generic/pgf/math/pgfmathfunctions.code.
tex
(/usr/local/texlive/2018/texmf-dist/tex/generic/pgf/math/pgfmathfunctions.basic
.code.tex)
(/usr/local/texlive/2018/texmf-dist/tex/generic/pgf/math/pgfmathfunctions.trigo
nometric.code.tex)
(/usr/local/texlive/2018/texmf-dist/tex/generic/pgf/math/pgfmathfunctions.rando
m.code.tex)
(/usr/local/texlive/2018/texmf-dist/tex/generic/pgf/math/pgfmathfunctions.compa
rison.code.tex)
(/usr/local/texlive/2018/texmf-dist/tex/generic/pgf/math/pgfmathfunctions.base.
code.tex)
(/usr/local/texlive/2018/texmf-dist/tex/generic/pgf/math/pgfmathfunctions.round
.code.tex)
(/usr/local/texlive/2018/texmf-dist/tex/generic/pgf/math/pgfmathfunctions.misc.
code.tex)
(/usr/local/texlive/2018/texmf-dist/tex/generic/pgf/math/pgfmathfunctions.integ
erarithmetics.code.tex))) (/usr/local/texlive/2018/texmf-dist/tex/generic/pgf/m
ath/pgfmathfloat.code.tex
\c@pgfmathroundto@lastzeros=\count291
))
(/usr/local/texlive/2018/texmf-dist/tex/generic/pgf/basiclayer/pgfcorepoints.co
de.tex
File: pgfcorepoints.code.tex 2013/10/07  (rcs-revision 1.27)
\pgf@picminx=\dimen173
\pgf@picmaxx=\dimen174
\pgf@picminy=\dimen175
\pgf@picmaxy=\dimen176
\pgf@pathminx=\dimen177
\pgf@pathmaxx=\dimen178
\pgf@pathminy=\dimen179
\pgf@pathmaxy=\dimen180
\pgf@xx=\dimen181
\pgf@xy=\dimen182
\pgf@yx=\dimen183
\pgf@yy=\dimen184
\pgf@zx=\dimen185
\pgf@zy=\dimen186
)
(/usr/local/texlive/2018/texmf-dist/tex/generic/pgf/basiclayer/pgfcorepathconst
ruct.code.tex
File: pgfcorepathconstruct.code.tex 2013/10/07  (rcs-revision 1.29)
\pgf@path@lastx=\dimen187
\pgf@path@lasty=\dimen188
)
(/usr/local/texlive/2018/texmf-dist/tex/generic/pgf/basiclayer/pgfcorepathusage
.code.tex
File: pgfcorepathusage.code.tex 2014/11/02  (rcs-revision 1.24)
\pgf@shorten@end@additional=\dimen189
\pgf@shorten@start@additional=\dimen190
)
(/usr/local/texlive/2018/texmf-dist/tex/generic/pgf/basiclayer/pgfcorescopes.co
de.tex
File: pgfcorescopes.code.tex 2015/05/08  (rcs-revision 1.46)
\pgfpic=\box46
\pgf@hbox=\box47
\pgf@layerbox@main=\box48
\pgf@picture@serial@count=\count292
)
(/usr/local/texlive/2018/texmf-dist/tex/generic/pgf/basiclayer/pgfcoregraphicst
ate.code.tex
File: pgfcoregraphicstate.code.tex 2014/11/02  (rcs-revision 1.12)
\pgflinewidth=\dimen191
)
(/usr/local/texlive/2018/texmf-dist/tex/generic/pgf/basiclayer/pgfcoretransform
ations.code.tex
File: pgfcoretransformations.code.tex 2015/08/07  (rcs-revision 1.20)
\pgf@pt@x=\dimen192
\pgf@pt@y=\dimen193
\pgf@pt@temp=\dimen194
)
(/usr/local/texlive/2018/texmf-dist/tex/generic/pgf/basiclayer/pgfcorequick.cod
e.tex
File: pgfcorequick.code.tex 2008/10/09  (rcs-revision 1.3)
)
(/usr/local/texlive/2018/texmf-dist/tex/generic/pgf/basiclayer/pgfcoreobjects.c
ode.tex
File: pgfcoreobjects.code.tex 2006/10/11  (rcs-revision 1.2)
)
(/usr/local/texlive/2018/texmf-dist/tex/generic/pgf/basiclayer/pgfcorepathproce
ssing.code.tex
File: pgfcorepathprocessing.code.tex 2013/09/09  (rcs-revision 1.9)
)
(/usr/local/texlive/2018/texmf-dist/tex/generic/pgf/basiclayer/pgfcorearrows.co
de.tex
File: pgfcorearrows.code.tex 2015/05/14  (rcs-revision 1.43)
\pgfarrowsep=\dimen195
)
(/usr/local/texlive/2018/texmf-dist/tex/generic/pgf/basiclayer/pgfcoreshade.cod
e.tex
File: pgfcoreshade.code.tex 2013/07/15  (rcs-revision 1.15)
\pgf@max=\dimen196
\pgf@sys@shading@range@num=\count293
)
(/usr/local/texlive/2018/texmf-dist/tex/generic/pgf/basiclayer/pgfcoreimage.cod
e.tex
File: pgfcoreimage.code.tex 2013/07/15  (rcs-revision 1.18)

(/usr/local/texlive/2018/texmf-dist/tex/generic/pgf/basiclayer/pgfcoreexternal.
code.tex
File: pgfcoreexternal.code.tex 2014/07/09  (rcs-revision 1.21)
\pgfexternal@startupbox=\box49
))
(/usr/local/texlive/2018/texmf-dist/tex/generic/pgf/basiclayer/pgfcorelayers.co
de.tex
File: pgfcorelayers.code.tex 2013/07/18  (rcs-revision 1.7)
)
(/usr/local/texlive/2018/texmf-dist/tex/generic/pgf/basiclayer/pgfcoretranspare
ncy.code.tex
File: pgfcoretransparency.code.tex 2013/09/30  (rcs-revision 1.5)
)
(/usr/local/texlive/2018/texmf-dist/tex/generic/pgf/basiclayer/pgfcorepatterns.
code.tex
File: pgfcorepatterns.code.tex 2013/11/07  (rcs-revision 1.5)
)))
(/usr/local/texlive/2018/texmf-dist/tex/generic/pgf/modules/pgfmoduleshapes.cod
e.tex
File: pgfmoduleshapes.code.tex 2014/03/21  (rcs-revision 1.35)
\pgfnodeparttextbox=\box50
)
(/usr/local/texlive/2018/texmf-dist/tex/generic/pgf/modules/pgfmoduleplot.code.
tex
File: pgfmoduleplot.code.tex 2015/08/03  (rcs-revision 1.13)
)
(/usr/local/texlive/2018/texmf-dist/tex/latex/pgf/compatibility/pgfcomp-version
-0-65.sty
Package: pgfcomp-version-0-65 2007/07/03 v3.0.1a (rcs-revision 1.7)
\pgf@nodesepstart=\dimen197
\pgf@nodesepend=\dimen198
)
(/usr/local/texlive/2018/texmf-dist/tex/latex/pgf/compatibility/pgfcomp-version
-1-18.sty
Package: pgfcomp-version-1-18 2007/07/23 v3.0.1a (rcs-revision 1.1)
)) (/usr/local/texlive/2018/texmf-dist/tex/latex/pgf/utilities/pgffor.sty (/usr
/local/texlive/2018/texmf-dist/tex/latex/pgf/utilities/pgfkeys.sty (/usr/local/
texlive/2018/texmf-dist/tex/generic/pgf/utilities/pgfkeys.code.tex)) (/usr/loca
l/texlive/2018/texmf-dist/tex/latex/pgf/math/pgfmath.sty (/usr/local/texlive/20
18/texmf-dist/tex/generic/pgf/math/pgfmath.code.tex)) (/usr/local/texlive/2018/
texmf-dist/tex/generic/pgf/utilities/pgffor.code.tex
Package: pgffor 2013/12/13 v3.0.1a (rcs-revision 1.25)
(/usr/local/texlive/2018/texmf-dist/tex/generic/pgf/math/pgfmath.code.tex)
\pgffor@iter=\dimen199
\pgffor@skip=\dimen256
\pgffor@stack=\toks33
\pgffor@toks=\toks34
))
(/usr/local/texlive/2018/texmf-dist/tex/generic/pgf/frontendlayer/tikz/tikz.cod
e.tex
Package: tikz 2015/08/07 v3.0.1a (rcs-revision 1.151)

(/usr/local/texlive/2018/texmf-dist/tex/generic/pgf/libraries/pgflibraryplothan
dlers.code.tex
File: pgflibraryplothandlers.code.tex 2013/08/31 v3.0.1a (rcs-revision 1.20)
\pgf@plot@mark@count=\count294
\pgfplotmarksize=\dimen257
)
\tikz@lastx=\dimen258
\tikz@lasty=\dimen259
\tikz@lastxsaved=\dimen260
\tikz@lastysaved=\dimen261
\tikzleveldistance=\dimen262
\tikzsiblingdistance=\dimen263
\tikz@figbox=\box51
\tikz@figbox@bg=\box52
\tikz@tempbox=\box53
\tikz@tempbox@bg=\box54
\tikztreelevel=\count295
\tikznumberofchildren=\count296
\tikznumberofcurrentchild=\count297
\tikz@fig@count=\count298

(/usr/local/texlive/2018/texmf-dist/tex/generic/pgf/modules/pgfmodulematrix.cod
e.tex
File: pgfmodulematrix.code.tex 2013/09/17  (rcs-revision 1.8)
\pgfmatrixcurrentrow=\count299
\pgfmatrixcurrentcolumn=\count300
\pgf@matrix@numberofcolumns=\count301
)
\tikz@expandcount=\count302

(/usr/local/texlive/2018/texmf-dist/tex/generic/pgf/frontendlayer/tikz/librarie
s/tikzlibrarytopaths.code.tex
File: tikzlibrarytopaths.code.tex 2008/06/17 v3.0.1a (rcs-revision 1.2)
))) (/usr/local/texlive/2018/texmf-dist/tex/latex/pgfplots/pgfplots.sty (/usr/l
ocal/texlive/2018/texmf-dist/tex/generic/pgfplots/pgfplots.revision.tex)
Package: pgfplots 2018/03/28 v1.16 Data Visualization (1.16)
(/usr/local/texlive/2018/texmf-dist/tex/generic/pgfplots/pgfplots.code.tex (/us
r/local/texlive/2018/texmf-dist/tex/generic/pgfplots/pgfplotscore.code.tex
\t@pgfplots@toka=\toks35
\t@pgfplots@tokb=\toks36
\t@pgfplots@tokc=\toks37
\pgfplots@tmpa=\dimen264
\c@pgfplots@coordindex=\count303
\c@pgfplots@scanlineindex=\count304

(/usr/local/texlive/2018/texmf-dist/tex/generic/pgfplots/sys/pgfplotssysgeneric
.code.tex))
(/usr/local/texlive/2018/texmf-dist/tex/generic/pgfplots/libs/pgfplotslibrary.c
ode.tex)
(/usr/local/texlive/2018/texmf-dist/tex/generic/pgfplots/oldpgfcompatib/pgfplot
soldpgfsupp_loader.code.tex
(/usr/local/texlive/2018/texmf-dist/tex/generic/pgf/libraries/pgflibraryfpu.cod
e.tex)
Package pgfplots: loading complementary arithmetics for your pgf version...

(/usr/local/texlive/2018/texmf-dist/tex/generic/pgfplots/oldpgfcompatib/pgfplot
soldpgfsupp_pgflibraryfpu.code.tex)
(/usr/local/texlive/2018/texmf-dist/tex/generic/pgfplots/oldpgfcompatib/pgfplot
soldpgfsupp_pgfmathfloat.code.tex
\c@pgfmathroundto@lastzeros=\count305
)
(/usr/local/texlive/2018/texmf-dist/tex/generic/pgfplots/oldpgfcompatib/pgfplot
soldpgfsupp_leq.code.tex))
(/usr/local/texlive/2018/texmf-dist/tex/generic/pgfplots/util/pgfplotsutil.code
.tex
(/usr/local/texlive/2018/texmf-dist/tex/generic/pgfplots/liststructure/pgfplots
liststructure.code.tex)
(/usr/local/texlive/2018/texmf-dist/tex/generic/pgfplots/liststructure/pgfplots
liststructureext.code.tex)
(/usr/local/texlive/2018/texmf-dist/tex/generic/pgfplots/liststructure/pgfplots
array.code.tex
\c@pgfplotsarray@tmp=\count306
)
(/usr/local/texlive/2018/texmf-dist/tex/generic/pgfplots/liststructure/pgfplots
matrix.code.tex)
(/usr/local/texlive/2018/texmf-dist/tex/generic/pgfplots/numtable/pgfplotstable
shared.code.tex
\c@pgfplotstable@counta=\count307
\t@pgfplotstable@a=\toks38
)
(/usr/local/texlive/2018/texmf-dist/tex/generic/pgfplots/liststructure/pgfplots
deque.code.tex)
(/usr/local/texlive/2018/texmf-dist/tex/generic/pgfplots/util/pgfplotsbinary.co
de.tex
(/usr/local/texlive/2018/texmf-dist/tex/generic/pgfplots/util/pgfplotsbinary.da
ta.code.tex))
(/usr/local/texlive/2018/texmf-dist/tex/generic/pgfplots/util/pgfplotsutil.verb
.code.tex)
(/usr/local/texlive/2018/texmf-dist/tex/generic/pgfplots/libs/pgflibrarypgfplot
s.surfshading.code.tex
\c@pgfplotslibrarysurf@no=\count308

(/usr/local/texlive/2018/texmf-dist/tex/generic/pgfplots/sys/pgflibrarypgfplots
.surfshading.pgfsys-xetex.def
(/usr/local/texlive/2018/texmf-dist/tex/generic/pgfplots/sys/pgflibrarypgfplots
.surfshading.pgfsys-dvipdfmx.def
\c@pgfplotslibrarysurf@streamlen=\count309
))))
(/usr/local/texlive/2018/texmf-dist/tex/generic/pgfplots/util/pgfplotscolormap.
code.tex
(/usr/local/texlive/2018/texmf-dist/tex/generic/pgfplots/util/pgfplotscolor.cod
e.tex))
(/usr/local/texlive/2018/texmf-dist/tex/generic/pgfplots/pgfplotsstackedplots.c
ode.tex)
(/usr/local/texlive/2018/texmf-dist/tex/generic/pgfplots/pgfplotsplothandlers.c
ode.tex
(/usr/local/texlive/2018/texmf-dist/tex/generic/pgfplots/pgfplotsmeshplothandle
r.code.tex
(/usr/local/texlive/2018/texmf-dist/tex/generic/pgfplots/pgfplotsmeshplotimage.
code.tex)))
(/usr/local/texlive/2018/texmf-dist/tex/generic/pgfplots/pgfplots.scaling.code.
tex)
(/usr/local/texlive/2018/texmf-dist/tex/generic/pgfplots/pgfplotscoordprocessin
g.code.tex)
(/usr/local/texlive/2018/texmf-dist/tex/generic/pgfplots/pgfplots.errorbars.cod
e.tex)
(/usr/local/texlive/2018/texmf-dist/tex/generic/pgfplots/pgfplots.markers.code.
tex)
(/usr/local/texlive/2018/texmf-dist/tex/generic/pgfplots/pgfplotsticks.code.tex
)
(/usr/local/texlive/2018/texmf-dist/tex/generic/pgfplots/pgfplots.paths.code.te
x)
(/usr/local/texlive/2018/texmf-dist/tex/generic/pgf/frontendlayer/tikz/librarie
s/tikzlibrarydecorations.code.tex
(/usr/local/texlive/2018/texmf-dist/tex/generic/pgf/modules/pgfmoduledecoration
s.code.tex
\pgfdecoratedcompleteddistance=\dimen265
\pgfdecoratedremainingdistance=\dimen266
\pgfdecoratedinputsegmentcompleteddistance=\dimen267
\pgfdecoratedinputsegmentremainingdistance=\dimen268
\pgf@decorate@distancetomove=\dimen269
\pgf@decorate@repeatstate=\count310
\pgfdecorationsegmentamplitude=\dimen270
\pgfdecorationsegmentlength=\dimen271
)
\tikz@lib@dec@box=\box55
)
(/usr/local/texlive/2018/texmf-dist/tex/generic/pgf/frontendlayer/tikz/librarie
s/tikzlibrarydecorations.pathmorphing.code.tex
(/usr/local/texlive/2018/texmf-dist/tex/generic/pgf/libraries/decorations/pgfli
brarydecorations.pathmorphing.code.tex))
(/usr/local/texlive/2018/texmf-dist/tex/generic/pgf/frontendlayer/tikz/librarie
s/tikzlibrarydecorations.pathreplacing.code.tex
(/usr/local/texlive/2018/texmf-dist/tex/generic/pgf/libraries/decorations/pgfli
brarydecorations.pathreplacing.code.tex))
\pgfplots@numplots=\count311
\pgfplots@xmin@reg=\dimen272
\pgfplots@xmax@reg=\dimen273
\pgfplots@ymin@reg=\dimen274
\pgfplots@ymax@reg=\dimen275
\pgfplots@zmin@reg=\dimen276
\pgfplots@zmax@reg=\dimen277
)
(/usr/local/texlive/2018/texmf-dist/tex/generic/pgf/frontendlayer/tikz/librarie
s/tikzlibraryplotmarks.code.tex
File: tikzlibraryplotmarks.code.tex 2008/01/09 v3.0.1a (rcs-revision 1.1)

(/usr/local/texlive/2018/texmf-dist/tex/generic/pgf/libraries/pgflibraryplotmar
ks.code.tex
File: pgflibraryplotmarks.code.tex 2015/08/03 v3.0.1a (rcs-revision 1.14)
))) (/usr/local/texlive/2018/texmf-dist/tex/latex/multirow/multirow.sty
Package: multirow 2016/11/25 v2.2 Span multiple rows of a table
\multirow@colwidth=\skip53
\multirow@cntb=\count312
\multirow@dima=\skip54
\bigstrutjot=\dimen278
) (/usr/local/texlive/2018/texmf-dist/tex/latex/tools/multicol.sty
Package: multicol 2018/04/20 v1.8s multicolumn formatting (FMi)
\c@tracingmulticols=\count313
\mult@box=\box56
\multicol@leftmargin=\dimen279
\c@unbalance=\count314
\c@collectmore=\count315
\doublecol@number=\count316
\multicoltolerance=\count317
\multicolpretolerance=\count318
\full@width=\dimen280
\page@free=\dimen281
\premulticols=\dimen282
\postmulticols=\dimen283
\multicolsep=\skip55
\multicolbaselineskip=\skip56
\partial@page=\box57
\last@line=\box58
\maxbalancingoverflow=\dimen284
\mult@rightbox=\box59
\mult@grightbox=\box60
\mult@gfirstbox=\box61
\mult@firstbox=\box62
\@tempa=\box63
\@tempa=\box64
\@tempa=\box65
\@tempa=\box66
\@tempa=\box67
\@tempa=\box68
\@tempa=\box69
\@tempa=\box70
\@tempa=\box71
\@tempa=\box72
\@tempa=\box73
\@tempa=\box74
\@tempa=\box75
\@tempa=\box76
\@tempa=\box77
\@tempa=\box78
\@tempa=\box79
\c@columnbadness=\count319
\c@finalcolumnbadness=\count320
\last@try=\dimen285
\multicolovershoot=\dimen286
\multicolundershoot=\dimen287
\mult@nat@firstbox=\box80
\colbreak@box=\box81
\mc@col@check@num=\count321
) (/usr/local/texlive/2018/texmf-dist/tex/latex/booktabs/booktabs.sty
Package: booktabs 2016/04/27 v1.618033 publication quality tables
\heavyrulewidth=\dimen288
\lightrulewidth=\dimen289
\cmidrulewidth=\dimen290
\belowrulesep=\dimen291
\belowbottomsep=\dimen292
\aboverulesep=\dimen293
\abovetopsep=\dimen294
\cmidrulesep=\dimen295
\cmidrulekern=\dimen296
\defaultaddspace=\dimen297
\@cmidla=\count322
\@cmidlb=\count323
\@aboverulesep=\dimen298
\@belowrulesep=\dimen299
\@thisruleclass=\count324
\@lastruleclass=\count325
\@thisrulewidth=\dimen300
)
(/usr/local/texlive/2018/texmf-dist/tex/generic/pgf/frontendlayer/tikz/librarie
s/tikzlibraryshapes.code.tex
File: tikzlibraryshapes.code.tex 2008/01/09 v3.0.1a (rcs-revision 1.1)

(/usr/local/texlive/2018/texmf-dist/tex/generic/pgf/frontendlayer/tikz/librarie
s/tikzlibraryshapes.geometric.code.tex
File: tikzlibraryshapes.geometric.code.tex 2008/01/09 v3.0.1a (rcs-revision 1.1
)

(/usr/local/texlive/2018/texmf-dist/tex/generic/pgf/libraries/shapes/pgflibrary
shapes.geometric.code.tex
File: pgflibraryshapes.geometric.code.tex 2008/06/26 v3.0.1a (rcs-revision 1.1)

))
(/usr/local/texlive/2018/texmf-dist/tex/generic/pgf/frontendlayer/tikz/librarie
s/tikzlibraryshapes.misc.code.tex
File: tikzlibraryshapes.misc.code.tex 2008/01/09 v3.0.1a (rcs-revision 1.1)

(/usr/local/texlive/2018/texmf-dist/tex/generic/pgf/libraries/shapes/pgflibrary
shapes.misc.code.tex
File: pgflibraryshapes.misc.code.tex 2013/07/18 v3.0.1a (rcs-revision 1.5)
))
(/usr/local/texlive/2018/texmf-dist/tex/generic/pgf/frontendlayer/tikz/librarie
s/tikzlibraryshapes.symbols.code.tex
File: tikzlibraryshapes.symbols.code.tex 2008/01/09 v3.0.1a (rcs-revision 1.1)

(/usr/local/texlive/2018/texmf-dist/tex/generic/pgf/libraries/shapes/pgflibrary
shapes.symbols.code.tex
File: pgflibraryshapes.symbols.code.tex 2013/09/11 v3.0.1a (rcs-revision 1.6)
))
(/usr/local/texlive/2018/texmf-dist/tex/generic/pgf/frontendlayer/tikz/librarie
s/tikzlibraryshapes.arrows.code.tex
File: tikzlibraryshapes.arrows.code.tex 2008/01/09 v3.0.1a (rcs-revision 1.1)

(/usr/local/texlive/2018/texmf-dist/tex/generic/pgf/libraries/shapes/pgflibrary
shapes.arrows.code.tex
File: pgflibraryshapes.arrows.code.tex 2008/06/26 v3.0.1a (rcs-revision 1.1)
))
(/usr/local/texlive/2018/texmf-dist/tex/generic/pgf/frontendlayer/tikz/librarie
s/tikzlibraryshapes.callouts.code.tex
(/usr/local/texlive/2018/texmf-dist/tex/generic/pgf/libraries/shapes/pgflibrary
shapes.callouts.code.tex))
(/usr/local/texlive/2018/texmf-dist/tex/generic/pgf/frontendlayer/tikz/librarie
s/tikzlibraryshapes.multipart.code.tex
File: tikzlibraryshapes.multipart.code.tex 2008/01/09 v3.0.1a (rcs-revision 1.1
)

(/usr/local/texlive/2018/texmf-dist/tex/generic/pgf/libraries/shapes/pgflibrary
shapes.multipart.code.tex
File: pgflibraryshapes.multipart.code.tex 2010/01/07 v3.0.1a (rcs-revision 1.2)

\pgfnodepartlowerbox=\box82
\pgfnodeparttwobox=\box83
\pgfnodepartthreebox=\box84
\pgfnodepartfourbox=\box85
\pgfnodeparttwentybox=\box86
\pgfnodepartnineteenbox=\box87
\pgfnodeparteighteenbox=\box88
\pgfnodepartseventeenbox=\box89
\pgfnodepartsixteenbox=\box90
\pgfnodepartfifteenbox=\box91
\pgfnodepartfourteenbox=\box92
\pgfnodepartthirteenbox=\box93
\pgfnodeparttwelvebox=\box94
\pgfnodepartelevenbox=\box95
\pgfnodeparttenbox=\box96
\pgfnodepartninebox=\box97
\pgfnodeparteightbox=\box98
\pgfnodepartsevenbox=\box99
\pgfnodepartsixbox=\box100
\pgfnodepartfivebox=\box101
)))
(/usr/local/texlive/2018/texmf-dist/tex/generic/pgf/frontendlayer/tikz/librarie
s/tikzlibraryarrows.code.tex
File: tikzlibraryarrows.code.tex 2008/01/09 v3.0.1a (rcs-revision 1.1)

(/usr/local/texlive/2018/texmf-dist/tex/generic/pgf/libraries/pgflibraryarrows.
code.tex
File: pgflibraryarrows.code.tex 2013/09/23 v3.0.1a (rcs-revision 1.16)
\arrowsize=\dimen301
))
(/usr/local/texlive/2018/texmf-dist/tex/generic/pgf/frontendlayer/tikz/librarie
s/tikzlibrarycalc.code.tex
File: tikzlibrarycalc.code.tex 2013/07/15 v3.0.1a (rcs-revision 1.9)
) (./02-problem-set-answers.aux)
\openout1 = `02-problem-set-answers.aux'.

LaTeX Font Info:    Checking defaults for OML/cmm/m/it on input line 73.
LaTeX Font Info:    ... okay on input line 73.
LaTeX Font Info:    Checking defaults for T1/cmr/m/n on input line 73.
LaTeX Font Info:    ... okay on input line 73.
LaTeX Font Info:    Checking defaults for OT1/cmr/m/n on input line 73.
LaTeX Font Info:    ... okay on input line 73.
LaTeX Font Info:    Checking defaults for OMS/cmsy/m/n on input line 73.
LaTeX Font Info:    ... okay on input line 73.
LaTeX Font Info:    Checking defaults for TU/lmr/m/n on input line 73.
LaTeX Font Info:    ... okay on input line 73.
LaTeX Font Info:    Checking defaults for OMX/cmex/m/n on input line 73.
LaTeX Font Info:    ... okay on input line 73.
LaTeX Font Info:    Checking defaults for U/cmr/m/n on input line 73.
LaTeX Font Info:    ... okay on input line 73.
LaTeX Font Info:    Checking defaults for TS1/cmr/m/n on input line 73.
LaTeX Font Info:    ... okay on input line 73.
LaTeX Font Info:    Checking defaults for PD1/pdf/m/n on input line 73.
LaTeX Font Info:    ... okay on input line 73.
LaTeX Font Info:    Checking defaults for PU/pdf/m/n on input line 73.
LaTeX Font Info:    ... okay on input line 73.
LaTeX Font Info:    Overwriting math alphabet `\mathsf' in version `normal'
(Font)                  OT1/lmss/m/n --> TU/lmss/m/n on input line 73.
LaTeX Font Info:    Overwriting math alphabet `\mathsf' in version `bold'
(Font)                  OT1/lmss/bx/n --> TU/lmss/bx/n on input line 73.
.................................................
. fontspec info: "set-scale"
. 
. latinmodern-math scale = 1.220418113510123.
.................................................
\g__fontspec_family_latinmodern-math.otf_int=\count326
.................................................
. fontspec info: "set-scale"
. 
. latinmodern-math scale = 1.220418113510123.
.................................................
.................................................
. fontspec info: "set-scale"
. 
. latinmodern-math scale = 1.220418113510123.
.................................................
.................................................
. fontspec info: "defining-font"
. 
. Font family 'latinmodern-math.otf(0)' created for font
. 'latinmodern-math.otf' with options
. [Scale=MatchLowercase,BoldItalicFont={},ItalicFont={},Script=Math,BoldFont={l
atinmodern-math.otf}].
.  
.  This font family consists of the following NFSS series/shapes:
.  
. - 'normal' (m/n) with NFSS spec.:
. <->s*[1.220418113510123]"[latinmodern-math.otf]/OT:script=math;language=DFLT;
"
. - 'small caps'  (m/sc) with NFSS spec.: 
. - 'bold' (bx/n) with NFSS spec.:
. <->s*[1.220418113510123]"[latinmodern-math.otf]/OT:script=math;language=DFLT;
"
. - 'bold small caps'  (bx/sc) with NFSS spec.: 
.................................................
LaTeX Font Info:    Font shape `TU/latinmodern-math.otf(0)/m/n' will be
(Font)              scaled to size 13.36351pt on input line 73.
.................................................
. fontspec info: "set-scale"
. 
. latinmodern-math scale = 1.220418113510123.
.................................................
.................................................
. fontspec info: "set-scale"
. 
. latinmodern-math scale = 1.220418113510123.
.................................................
.................................................
. fontspec info: "set-scale"
. 
. latinmodern-math scale = 1.220418113510123.
.................................................
.................................................
. fontspec info: "set-scale"
. 
. latinmodern-math scale = 1.220418113510123.
.................................................
.................................................
. fontspec info: "set-scale"
. 
. latinmodern-math scale = 1.220418113510123.
.................................................
.................................................
. fontspec info: "defining-font"
. 
. Font family 'latinmodern-math.otf(1)' created for font
. 'latinmodern-math.otf' with options
. [Scale=MatchLowercase,BoldItalicFont={},ItalicFont={},Script=Math,SizeFeature
s={{Size=9.475-},{Size=7-9.475,Font=latinmodern-math.otf,Style=MathScript},{Siz
e=-7,Font=latinmodern-math.otf,Style=MathScriptScript}},BoldFont={latinmodern-m
ath.otf}].
.  
.  This font family consists of the following NFSS series/shapes:
.  
. - 'normal' (m/n) with NFSS spec.:
. <9.475->s*[1.220418113510123]"[latinmodern-math.otf]/OT:script=math;language=
DFLT;"<7-9.475>s*[1.220418113510123]"[latinmodern-math.otf]/OT:script=math;lang
uage=DFLT;+ssty=0;"<-7>s*[1.220418113510123]"[latinmodern-math.otf]/OT:script=m
ath;language=DFLT;+ssty=1;"
. - 'small caps'  (m/sc) with NFSS spec.: 
. - 'bold' (bx/n) with NFSS spec.:
. <->s*[1.220418113510123]"[latinmodern-math.otf]/OT:script=math;language=DFLT;
"
. - 'bold small caps'  (bx/sc) with NFSS spec.: 
.................................................
LaTeX Font Info:    Font shape `TU/latinmodern-math.otf(1)/m/n' will be
(Font)              scaled to size 13.36351pt on input line 73.
LaTeX Font Info:    Overwriting symbol font `operators' in version `normal'
(Font)                  TU/FiraSans(1)/m/n --> TU/latinmodern-math.otf(1)/m/n o
n input line 73.
LaTeX Font Info:    Overwriting symbol font `operators' in version `bold'
(Font)                  TU/FiraSans(1)/bx/n --> TU/latinmodern-math.otf(1)/bx/n
 on input line 73.
.................................................
. fontspec info: "set-scale"
. 
. latinmodern-math scale = 1.220418113510123.
.................................................
.................................................
. fontspec info: "set-scale"
. 
. latinmodern-math scale = 1.220418113510123.
.................................................
.................................................
. fontspec info: "set-scale"
. 
. latinmodern-math scale = 1.220418113510123.
.................................................
.................................................
. fontspec info: "set-scale"
. 
. latinmodern-math scale = 1.220418113510123.
.................................................
.................................................
. fontspec info: "set-scale"
. 
. latinmodern-math scale = 1.220418113510123.
.................................................
.................................................
. fontspec info: "defining-font"
. 
. Font family 'latinmodern-math.otf(2)' created for font
. 'latinmodern-math.otf' with options
. [Scale=MatchLowercase,BoldItalicFont={},ItalicFont={},Script=Math,SizeFeature
s={{Size=9.475-},{Size=7-9.475,Font=latinmodern-math.otf,Style=MathScript},{Siz
e=-7,Font=latinmodern-math.otf,Style=MathScriptScript}},BoldFont={latinmodern-m
ath.otf},Scale=1.00001,FontAdjustment={\fontdimen
. 8\font =9.0471pt\relax \fontdimen 9\font =5.26523pt\relax \fontdimen 10\font
. =5.9334pt\relax \fontdimen 11\font =9.16737pt\relax \fontdimen 12\font
. =4.61041pt\relax \fontdimen 13\font =4.85095pt\relax \fontdimen 14\font
. =4.85095pt\relax \fontdimen 15\font =3.86206pt\relax \fontdimen 16\font
. =3.30078pt\relax \fontdimen 17\font =3.30078pt\relax \fontdimen 18\font
. =3.34088pt\relax \fontdimen 19\font =2.6727pt\relax \fontdimen 22\font
. =3.34088pt\relax \fontdimen 20\font =0pt\relax \fontdimen 21\font =0pt\relax
. }].
.  
.  This font family consists of the following NFSS series/shapes:
.  
. - 'normal' (m/n) with NFSS spec.:
. <9.475->s*[1.00001]"[latinmodern-math.otf]/OT:script=math;language=DFLT;"<7-9
.475>s*[1.00001]"[latinmodern-math.otf]/OT:script=math;language=DFLT;+ssty=0;"<
-7>s*[1.00001]"[latinmodern-math.otf]/OT:script=math;language=DFLT;+ssty=1;"
. - 'small caps'  (m/sc) with NFSS spec.: 
. and font adjustment code:
. \fontdimen 8\font =9.0471pt\relax \fontdimen 9\font =5.26523pt\relax
. \fontdimen 10\font =5.9334pt\relax \fontdimen 11\font =9.16737pt\relax
. \fontdimen 12\font =4.61041pt\relax \fontdimen 13\font =4.85095pt\relax
. \fontdimen 14\font =4.85095pt\relax \fontdimen 15\font =3.86206pt\relax
. \fontdimen 16\font =3.30078pt\relax \fontdimen 17\font =3.30078pt\relax
. \fontdimen 18\font =3.34088pt\relax \fontdimen 19\font =2.6727pt\relax
. \fontdimen 22\font =3.34088pt\relax \fontdimen 20\font =0pt\relax \fontdimen
. 21\font =0pt\relax 
. - 'bold' (bx/n) with NFSS spec.:
. <->s*[1.00001]"[latinmodern-math.otf]/OT:script=math;language=DFLT;"
. - 'bold small caps'  (bx/sc) with NFSS spec.: 
. and font adjustment code:
. \fontdimen 8\font =9.0471pt\relax \fontdimen 9\font =5.26523pt\relax
. \fontdimen 10\font =5.9334pt\relax \fontdimen 11\font =9.16737pt\relax
. \fontdimen 12\font =4.61041pt\relax \fontdimen 13\font =4.85095pt\relax
. \fontdimen 14\font =4.85095pt\relax \fontdimen 15\font =3.86206pt\relax
. \fontdimen 16\font =3.30078pt\relax \fontdimen 17\font =3.30078pt\relax
. \fontdimen 18\font =3.34088pt\relax \fontdimen 19\font =2.6727pt\relax
. \fontdimen 22\font =3.34088pt\relax \fontdimen 20\font =0pt\relax \fontdimen
. 21\font =0pt\relax 
.................................................
LaTeX Font Info:    Encoding `OMS' has changed to `TU' for symbol font
(Font)              `symbols' in the math version `normal' on input line 73.
LaTeX Font Info:    Overwriting symbol font `symbols' in version `normal'
(Font)                  OMS/lmsy/m/n --> TU/latinmodern-math.otf(2)/m/n on inpu
t line 73.
LaTeX Font Info:    Encoding `OMS' has changed to `TU' for symbol font
(Font)              `symbols' in the math version `bold' on input line 73.
LaTeX Font Info:    Overwriting symbol font `symbols' in version `bold'
(Font)                  OMS/lmsy/b/n --> TU/latinmodern-math.otf(2)/bx/n on inp
ut line 73.
.................................................
. fontspec info: "set-scale"
. 
. latinmodern-math scale = 1.220418113510123.
.................................................
.................................................
. fontspec info: "set-scale"
. 
. latinmodern-math scale = 1.220418113510123.
.................................................
.................................................
. fontspec info: "set-scale"
. 
. latinmodern-math scale = 1.220418113510123.
.................................................
.................................................
. fontspec info: "set-scale"
. 
. latinmodern-math scale = 1.220418113510123.
.................................................
.................................................
. fontspec info: "set-scale"
. 
. latinmodern-math scale = 1.220418113510123.
.................................................
.................................................
. fontspec info: "defining-font"
. 
. Font family 'latinmodern-math.otf(3)' created for font
. 'latinmodern-math.otf' with options
. [Scale=MatchLowercase,BoldItalicFont={},ItalicFont={},Script=Math,SizeFeature
s={{Size=9.475-},{Size=7-9.475,Font=latinmodern-math.otf,Style=MathScript},{Siz
e=-7,Font=latinmodern-math.otf,Style=MathScriptScript}},BoldFont={latinmodern-m
ath.otf},Scale=0.99999,FontAdjustment={\fontdimen
. 8\font =0.53455pt\relax \fontdimen 9\font =2.6727pt\relax \fontdimen 10\font
. =2.2317pt\relax \fontdimen 11\font =1.48335pt\relax \fontdimen 12\font
. =8.01811pt\relax \fontdimen 13\font =0pt\relax }].
.  
.  This font family consists of the following NFSS series/shapes:
.  
. - 'normal' (m/n) with NFSS spec.:
. <9.475->s*[0.99999]"[latinmodern-math.otf]/OT:script=math;language=DFLT;"<7-9
.475>s*[0.99999]"[latinmodern-math.otf]/OT:script=math;language=DFLT;+ssty=0;"<
-7>s*[0.99999]"[latinmodern-math.otf]/OT:script=math;language=DFLT;+ssty=1;"
. - 'small caps'  (m/sc) with NFSS spec.: 
. and font adjustment code:
. \fontdimen 8\font =0.53455pt\relax \fontdimen 9\font =2.6727pt\relax
. \fontdimen 10\font =2.2317pt\relax \fontdimen 11\font =1.48335pt\relax
. \fontdimen 12\font =8.01811pt\relax \fontdimen 13\font =0pt\relax 
. - 'bold' (bx/n) with NFSS spec.:
. <->s*[0.99999]"[latinmodern-math.otf]/OT:script=math;language=DFLT;"
. - 'bold small caps'  (bx/sc) with NFSS spec.: 
. and font adjustment code:
. \fontdimen 8\font =0.53455pt\relax \fontdimen 9\font =2.6727pt\relax
. \fontdimen 10\font =2.2317pt\relax \fontdimen 11\font =1.48335pt\relax
. \fontdimen 12\font =8.01811pt\relax \fontdimen 13\font =0pt\relax 
.................................................
LaTeX Font Info:    Encoding `OMX' has changed to `TU' for symbol font
(Font)              `largesymbols' in the math version `normal' on input line 7
3.
LaTeX Font Info:    Overwriting symbol font `largesymbols' in version `normal'
(Font)                  OMX/lmex/m/n --> TU/latinmodern-math.otf(3)/m/n on inpu
t line 73.
LaTeX Font Info:    Encoding `OMX' has changed to `TU' for symbol font
(Font)              `largesymbols' in the math version `bold' on input line 73.

LaTeX Font Info:    Overwriting symbol font `largesymbols' in version `bold'
(Font)                  OMX/lmex/m/n --> TU/latinmodern-math.otf(3)/bx/n on inp
ut line 73.
LaTeX Info: Redefining \microtypecontext on input line 73.
Package microtype Info: Character protrusion enabled (level 2).
Package microtype Info: Using protrusion set `basicmath'.
Package microtype Info: No adjustment of tracking.
Package microtype Info: No adjustment of spacing.
Package microtype Info: No adjustment of kerning.
Package microtype Info: Loading generic protrusion settings for font family
(microtype)             `FiraSansCondensed' (encoding: TU).
(microtype)             For optimal results, create family-specific settings.
(microtype)             See the microtype manual for details.
\AtBeginShipoutBox=\box102
Package hyperref Info: Link coloring OFF on input line 73.
(/usr/local/texlive/2018/texmf-dist/tex/latex/hyperref/nameref.sty
Package: nameref 2016/05/21 v2.44 Cross-referencing by name of section
(/usr/local/texlive/2018/texmf-dist/tex/generic/oberdiek/gettitlestring.sty
Package: gettitlestring 2016/05/16 v1.5 Cleanup title references (HO)
)
\c@section@level=\count327
)
LaTeX Info: Redefining \ref on input line 73.
LaTeX Info: Redefining \pageref on input line 73.
LaTeX Info: Redefining \nameref on input line 73.
*geometry* driver: auto-detecting
*geometry* detected driver: xetex
*geometry* verbose mode - [ preamble ] result:
* driver: xetex
* paper: <default>
* layout: <same size as paper>
* layoutoffset:(h,v)=(0.0pt,0.0pt)
* modes: 
* h-part:(L,W,R)=(72.26999pt, 469.75502pt, 72.26999pt)
* v-part:(T,H,B)=(72.26999pt, 650.43001pt, 72.26999pt)
* \paperwidth=614.295pt
* \paperheight=794.96999pt
* \textwidth=469.75502pt
* \textheight=650.43001pt
* \oddsidemargin=0.0pt
* \evensidemargin=0.0pt
* \topmargin=-37.0pt
* \headheight=12.0pt
* \headsep=25.0pt
* \topskip=11.0pt
* \footskip=30.0pt
* \marginparwidth=59.0pt
* \marginparsep=10.0pt
* \columnsep=10.0pt
* \skip\footins=10.0pt plus 4.0pt minus 2.0pt
* \hoffset=0.0pt
* \voffset=0.0pt
* \mag=1000
* \@twocolumnfalse
* \@twosidefalse
* \@mparswitchfalse
* \@reversemarginfalse
* (1in=72.27pt=25.4mm, 1cm=28.453pt)

ABD: EveryShipout initializing macros

Package pgfplots Warning: running in backwards compatibility mode (unsuitable t
ick labels; missing features). Consider writing \pgfplotsset{compat=1.16} into 
your preamble.
 on input line 73.

LaTeX Font Info:    Font shape `TU/FiraSansCondensed(0)/m/n' will be
(Font)              scaled to size 17.28pt on input line 75.
LaTeX Font Info:    Font shape `TU/FiraSansCondensed(0)/m/n' will be
(Font)              scaled to size 12.0pt on input line 75.
LaTeX Font Info:    Font shape `TU/latinmodern-math.otf(1)/m/n' will be
(Font)              scaled to size 14.64496pt on input line 75.
LaTeX Font Info:    Font shape `TU/latinmodern-math.otf(1)/m/n' will be
(Font)              scaled to size 9.7633pt on input line 75.
LaTeX Font Info:    Font shape `TU/latinmodern-math.otf(1)/m/n' will be
(Font)              scaled to size 7.32248pt on input line 75.
LaTeX Font Info:    Try loading font information for OML+lmm on input line 75.
(/usr/local/texlive/2018/texmf-dist/tex/latex/lm/omllmm.fd
File: omllmm.fd 2009/10/30 v1.6 Font defs for Latin Modern
)
LaTeX Font Info:    Font shape `TU/latinmodern-math.otf(2)/m/n' will be
(Font)              scaled to size 12.00018pt on input line 75.
LaTeX Font Info:    Font shape `TU/latinmodern-math.otf(2)/m/n' will be
(Font)              scaled to size 8.00012pt on input line 75.
LaTeX Font Info:    Font shape `TU/latinmodern-math.otf(2)/m/n' will be
(Font)              scaled to size 6.00009pt on input line 75.
LaTeX Font Info:    Font shape `TU/latinmodern-math.otf(3)/m/n' will be
(Font)              scaled to size 11.99982pt on input line 75.
LaTeX Font Info:    Font shape `TU/latinmodern-math.otf(3)/m/n' will be
(Font)              scaled to size 7.99988pt on input line 75.
LaTeX Font Info:    Font shape `TU/latinmodern-math.otf(3)/m/n' will be
(Font)              scaled to size 5.99991pt on input line 75.
LaTeX Font Info:    Try loading font information for U+msa on input line 75.
(/usr/local/texlive/2018/texmf-dist/tex/latex/amsfonts/umsa.fd
File: umsa.fd 2013/01/14 v3.01 AMS symbols A
) (/usr/local/texlive/2018/texmf-dist/tex/latex/microtype/mt-msa.cfg
File: mt-msa.cfg 2006/02/04 v1.1 microtype config. file: AMS symbols (a) (RS)
)
LaTeX Font Info:    Try loading font information for U+msb on input line 75.
(/usr/local/texlive/2018/texmf-dist/tex/latex/amsfonts/umsb.fd
File: umsb.fd 2013/01/14 v3.01 AMS symbols B
) (/usr/local/texlive/2018/texmf-dist/tex/latex/microtype/mt-msb.cfg
File: mt-msb.cfg 2005/06/01 v1.0 microtype config. file: AMS symbols (b) (RS)
)
LaTeX Font Info:    Font shape `TU/FiraSansCondensed(0)/m/it' will be
(Font)              scaled to size 10.95pt on input line 79.
LaTeX Font Info:    Font shape `TU/FiraSansCondensed(0)/m/n' will be
(Font)              scaled to size 14.4pt on input line 86.
LaTeX Font Info:    Font shape `TU/FiraSansCondensed(0)/bx/n' will be
(Font)              scaled to size 14.4pt on input line 86.
LaTeX Font Info:    Font shape `TU/FiraSansCondensed(0)/bx/n' will be
(Font)              scaled to size 10.95pt on input line 105.
[1

] [2

]
LaTeX Font Info:    Font shape `TU/latinmodern-math.otf(1)/m/n' will be
(Font)              scaled to size 9.37097pt on input line 200.
LaTeX Font Info:    Font shape `TU/latinmodern-math.otf(1)/m/n' will be
(Font)              scaled to size 6.656pt on input line 200.
LaTeX Font Info:    Font shape `TU/latinmodern-math.otf(2)/m/n' will be
(Font)              scaled to size 10.95015pt on input line 200.
LaTeX Font Info:    Font shape `TU/latinmodern-math.otf(2)/m/n' will be
(Font)              scaled to size 7.67863pt on input line 200.
LaTeX Font Info:    Font shape `TU/latinmodern-math.otf(2)/m/n' will be
(Font)              scaled to size 5.45398pt on input line 200.
LaTeX Font Info:    Font shape `TU/latinmodern-math.otf(3)/m/n' will be
(Font)              scaled to size 10.94983pt on input line 200.
LaTeX Font Info:    Font shape `TU/latinmodern-math.otf(3)/m/n' will be
(Font)              scaled to size 7.6784pt on input line 200.
LaTeX Font Info:    Font shape `TU/latinmodern-math.otf(3)/m/n' will be
(Font)              scaled to size 5.45381pt on input line 200.
File: 02-problem-set-answers_files/figure-latex/unnamed-chunk-1-1.pdf Graphic f
ile (type pdf)
<use 02-problem-set-answers_files/figure-latex/unnamed-chunk-1-1.pdf>
LaTeX Font Info:    Font shape `TU/FiraSansCondensed(0)/bx/it' will be
(Font)              scaled to size 10.95pt on input line 226.
[3

]
File: 02-problem-set-answers_files/figure-latex/unnamed-chunk-2-1.pdf Graphic f
ile (type pdf)
<use 02-problem-set-answers_files/figure-latex/unnamed-chunk-2-1.pdf>
[4

] [5

]
LaTeX Font Info:    Font shape `TU/FiraSansCondensed(0)/bx/n' will be
(Font)              scaled to size 12.0pt on input line 349.
[6

] [7

]
Package atveryend Info: Empty hook `BeforeClearDocument' on input line 452.
Package atveryend Info: Empty hook `AfterLastShipout' on input line 452.
(./02-problem-set-answers.aux)
Package atveryend Info: Empty hook `AtVeryEndDocument' on input line 452.
Package atveryend Info: Empty hook `AtEndAfterFileList' on input line 452.
Package atveryend Info: Empty hook `AtVeryVeryEnd' on input line 452.
 ) 
Here is how much of TeX's memory you used:
 48111 strings out of 492969
 1090194 string characters out of 6133923
 1386421 words of memory out of 5000000
 51472 multiletter control sequences out of 15000+600000
 538739 words of font info for 85 fonts, out of 8000000 for 9000
 1348 hyphenation exceptions out of 8191
 66i,7n,117p,878b,568s stack positions out of 5000i,500n,10000p,200000b,80000s

Output written on 02-problem-set-answers.pdf (7 pages).
